ERROR: [8] Use of undefined constant IMG_RURAL_SHOP - assumed 'IMG_RURAL_SHOP'
Notice on line 27 in file /opt/lampp/htdocs/Proyectos/GiovannyProy4/classes/email/email.class.singleton.php
 | 24.04.2018 12:47:10  |  User:   | contact | response 200
error loadView general | 24.04.2018 16:36:41  |  User:   | view/css | response 400
error loadView general | 24.04.2018 16:36:41  |  User:   | view | response 400
error loadView general | 24.04.2018 16:36:41  |  User:   | view/css | response 400
error loadView general | 24.04.2018 16:36:42  |  User:   | view/css | response 400
error loadView general | 24.04.2018 16:36:44  |  User:   | courses | response 4
error loadView general | 24.04.2018 16:37:47  |  User:   | courses | response 4
error loadView general | 24.04.2018 16:37:50  |  User:   | view/css | response 400
error loadView general | 24.04.2018 16:37:50  |  User:   | view/css | response 400
error loadView general | 24.04.2018 16:37:50  |  User:   | view | response 400
error loadView general | 24.04.2018 16:37:50  |  User:   | view/css | response 400
error loadView general | 24.04.2018 16:37:51  |  User:   | view/css | response 400
error loadView general | 24.04.2018 16:37:53  |  User:   | courses | response 4
error loadView general | 24.04.2018 16:41:21  |  User:   | view/css | response 400
error loadView general | 24.04.2018 16:41:21  |  User:   | view | response 400
error loadView general | 24.04.2018 16:41:21  |  User:   | view/css | response 400
error loadView general | 24.04.2018 16:41:22  |  User:   | view/css | response 400
error loadView general | 24.04.2018 16:41:24  |  User:   | view/css | response 400
error loadView general | 24.04.2018 16:41:24  |  User:   | view | response 400
error loadView general | 24.04.2018 16:41:24  |  User:   | view/css | response 400
error loadView general | 24.04.2018 16:41:25  |  User:   | view/css | response 400
error loadView general | 24.04.2018 16:41:25  |  User:   | view/css | response 400
error loadView general | 24.04.2018 16:41:28  |  User:   | courses | response 4
error loadView general | 24.04.2018 16:44:25  |  User:   | view/css | response 400
error loadView general | 24.04.2018 16:44:26  |  User:   | view | response 400
error loadView general | 24.04.2018 16:44:26  |  User:   | view/css | response 400
error loadView general | 24.04.2018 16:44:26  |  User:   | view/css | response 400
error loadView general | 24.04.2018 16:44:26  |  User:   | view/css | response 400
error loadView general | 24.04.2018 16:44:29  |  User:   | courses | response 4
error loadView general | 24.04.2018 16:48:22  |  User:   | courses | response 4
error loadView general | 24.04.2018 16:50:53  |  User:   | view/css | response 400
error loadView general | 24.04.2018 16:50:53  |  User:   | view | response 400
error loadView general | 24.04.2018 16:50:53  |  User:   | view/css | response 400
error loadView general | 24.04.2018 16:50:53  |  User:   | view/css | response 400
error loadView general | 24.04.2018 16:50:53  |  User:   | view/css | response 400
error loadView general | 24.04.2018 16:50:56  |  User:   | courses | response 4
error loadView general | 24.04.2018 16:51:11  |  User:   | courses | response 4
error loadView general | 24.04.2018 16:52:39  |  User:   | view/css | response 400
error loadView general | 24.04.2018 16:52:39  |  User:   | view | response 400
error loadView general | 24.04.2018 16:52:39  |  User:   | view/css | response 400
error loadView general | 24.04.2018 16:52:40  |  User:   | view/css | response 400
error loadView general | 24.04.2018 16:52:40  |  User:   | view/css | response 400
error loadView general | 24.04.2018 16:52:43  |  User:   | courses | response 4
error loadView general | 24.04.2018 16:53:39  |  User:   | courses | response 4
error loadView general | 24.04.2018 16:54:18  |  User:   | courses | response 4
error loadView general | 24.04.2018 16:54:29  |  User:   | courses | response 4
error loadView general | 24.04.2018 16:55:42  |  User:   | courses | response 200
error loadView general | 24.04.2018 16:55:43  |  User:   | view/css | response 400
error loadView general | 24.04.2018 16:55:43  |  User:   | view/css | response 400
error loadView general | 24.04.2018 16:56:00  |  User:   | courses | response 200
error loadView general | 24.04.2018 16:56:01  |  User:   | view/css | response 400
error loadView general | 24.04.2018 16:56:01  |  User:   | view/css | response 400
error loadView general | 24.04.2018 16:56:03  |  User:   | courses | response 200
error loadView general | 24.04.2018 16:56:04  |  User:   | view/css | response 400
error loadView general | 24.04.2018 16:56:07  |  User:   | courses | response 200
error loadView general | 24.04.2018 16:58:47  |  User:   | courses | response 200
error loadView general | 24.04.2018 16:58:49  |  User:   | view/css | response 400
error loadView general | 24.04.2018 16:58:50  |  User:   | courses | response 200
error loadView general | 24.04.2018 16:59:50  |  User:   | view/css | response 400
error loadView general | 24.04.2018 16:59:51  |  User:   | view/css | response 400
error loadView general | 24.04.2018 16:59:51  |  User:   | media | response 400
error loadView general | 24.04.2018 17:01:40  |  User:   | view/css | response 400
error loadView general | 24.04.2018 17:01:41  |  User:   | view/css | response 400
error loadView general | 24.04.2018 17:01:41  |  User:   | media | response 400
error loadView general | 24.04.2018 17:01:43  |  User:   | view/css | response 400
error loadView general | 24.04.2018 17:01:44  |  User:   | media | response 400
error loadView general | 24.04.2018 17:01:44  |  User:   | view/css | response 400
error loadView general | 24.04.2018 17:01:50  |  User:   | view/css | response 400
error loadView general | 24.04.2018 17:01:50  |  User:   | courses | response 400
error loadView general | 24.04.2018 17:01:50  |  User:   | view/css | response 400
error loadView general | 24.04.2018 17:01:59  |  User:   | view/css | response 400
error loadView general | 24.04.2018 17:01:59  |  User:   | media | response 400
error loadView general | 24.04.2018 17:02:03  |  User:   | courses/details | response 400
error loadView general | 24.04.2018 17:02:03  |  User:   | courses/details | response 400
error loadView general | 24.04.2018 17:02:04  |  User:   | courses/details | response 400
error loadView general | 24.04.2018 17:02:04  |  User:   | courses/details | response 400
error loadView general | 24.04.2018 17:02:04  |  User:   | view/css | response 400
error loadView general | 24.04.2018 17:02:04  |  User:   | view/css | response 400
error loadView general | 24.04.2018 17:02:04  |  User:   | courses/details | response 400
error loadView general | 24.04.2018 17:02:04  |  User:   | courses/details | response 400
error loadView general | 24.04.2018 17:02:13  |  User:   | view/css | response 400
error loadView general | 24.04.2018 17:02:13  |  User:   | media | response 400
error loadView general | 24.04.2018 17:02:31  |  User:   | view/css | response 400
error loadView general | 24.04.2018 17:02:32  |  User:   | view/css | response 400
error loadView general | 24.04.2018 17:02:32  |  User:   | media | response 400
error loadView general | 24.04.2018 17:04:12  |  User:   | view/css | response 400
error loadView general | 24.04.2018 17:04:13  |  User:   | view/css | response 400
error loadView general | 24.04.2018 17:04:13  |  User:   | media | response 400
error loadView general | 24.04.2018 17:04:16  |  User:   | view/css | response 400
error loadView general | 24.04.2018 17:05:38  |  User:   | view/css | response 400
error loadView general | 24.04.2018 17:05:39  |  User:   | view/css | response 400
error loadView general | 24.04.2018 17:05:43  |  User:   | view/css | response 400
error loadView general | 24.04.2018 17:05:43  |  User:   | view | response 400
error loadView general | 24.04.2018 17:05:43  |  User:   | view/css | response 400
error loadView general | 24.04.2018 17:05:44  |  User:   | view/css | response 400
error loadView general | 24.04.2018 17:06:49  |  User:   | courses/details | response 400
error loadView general | 24.04.2018 17:06:49  |  User:   | courses/details | response 400
error loadView general | 24.04.2018 17:06:50  |  User:   | courses/details | response 400
error loadView general | 24.04.2018 17:06:50  |  User:   | view/css | response 400
error loadView general | 24.04.2018 17:06:50  |  User:   | courses/details | response 400
error loadView general | 24.04.2018 17:06:54  |  User:   | view/css | response 400
error loadView general | 24.04.2018 17:06:55  |  User:   | view | response 400
error loadView general | 24.04.2018 17:06:55  |  User:   | view/css | response 400
error loadView general | 24.04.2018 17:06:55  |  User:   | view/css | response 400
error loadView general | 24.04.2018 17:06:55  |  User:   | view/css | response 400
error loadView general | 24.04.2018 17:07:01  |  User:   | view/css | response 400
error loadView general | 24.04.2018 17:07:02  |  User:   | view/css | response 400
error loadView general | 24.04.2018 17:07:02  |  User:   | media | response 400
error loadView general | 24.04.2018 17:07:06  |  User:   | view/css | response 400
error loadView general | 24.04.2018 17:07:06  |  User:   | view | response 400
error loadView general | 24.04.2018 17:07:06  |  User:   | view/css | response 400
error loadView general | 24.04.2018 17:07:06  |  User:   | view/css | response 400
error loadView general | 24.04.2018 17:07:07  |  User:   | view/css | response 400
error loadView general | 24.04.2018 17:07:11  |  User:   | view/css | response 400
error loadView general | 24.04.2018 17:07:12  |  User:   | view/css | response 400
error loadView general | 24.04.2018 17:07:12  |  User:   | media | response 400
error loadView general | 24.04.2018 17:07:16  |  User:   | view/css | response 400
error loadView general | 24.04.2018 17:07:16  |  User:   | view | response 400
error loadView general | 24.04.2018 17:07:16  |  User:   | view/css | response 400
error loadView general | 24.04.2018 17:07:17  |  User:   | view/css | response 400
error loadView general | 24.04.2018 17:07:17  |  User:   | view/css | response 400
error loadView general | 24.04.2018 17:07:26  |  User:   | view/css | response 400
error loadView general | 24.04.2018 17:07:26  |  User:   | view/css | response 400
error loadView general | 24.04.2018 17:07:26  |  User:   | media | response 400
error loadView general | 24.04.2018 17:07:31  |  User:   | view/css | response 400
error loadView general | 24.04.2018 17:07:31  |  User:   | view | response 400
error loadView general | 24.04.2018 17:07:32  |  User:   | view/css | response 400
error loadView general | 24.04.2018 17:07:32  |  User:   | view/css | response 400
error loadView general | 24.04.2018 17:07:35  |  User:   | view/css | response 400
error loadView general | 24.04.2018 17:07:35  |  User:   | view | response 400
error loadView general | 24.04.2018 17:07:35  |  User:   | view/css | response 400
error loadView general | 24.04.2018 17:07:35  |  User:   | view/css | response 400
error loadView general | 24.04.2018 17:07:36  |  User:   | view/css | response 400
error loadView general | 24.04.2018 17:07:40  |  User:   | view/css | response 400
error loadView general | 24.04.2018 17:07:40  |  User:   | media | response 400
error loadView general | 24.04.2018 17:07:40  |  User:   | view/css | response 400
error loadView general | 24.04.2018 17:07:43  |  User:   | media | response 400
error loadView general | 24.04.2018 17:07:47  |  User:   | media | response 400
error loadView general | 24.04.2018 17:07:50  |  User:   | view/css | response 400
error loadView general | 24.04.2018 17:07:50  |  User:   | view | response 400
error loadView general | 24.04.2018 17:07:50  |  User:   | view/css | response 400
error loadView general | 24.04.2018 17:07:50  |  User:   | view/css | response 400
error loadView general | 24.04.2018 17:07:51  |  User:   | view/css | response 400
error loadView general | 24.04.2018 17:07:58  |  User:   | view/css | response 400
error loadView general | 24.04.2018 17:07:58  |  User:   | view/css | response 400
error loadView general | 24.04.2018 17:07:58  |  User:   | media | response 400
error loadView general | 24.04.2018 17:08:17  |  User:   | view/css | response 400
error loadView general | 24.04.2018 17:08:18  |  User:   | view | response 400
error loadView general | 24.04.2018 17:08:18  |  User:   | view/css | response 400
error loadView general | 24.04.2018 17:08:18  |  User:   | view/css | response 400
error loadView general | 24.04.2018 17:08:18  |  User:   | view/css | response 400
error loadView general | 24.04.2018 17:08:26  |  User:   | view/css | response 400
error loadView general | 24.04.2018 17:08:26  |  User:   | media | response 400
error loadView general | 24.04.2018 17:08:29  |  User:   | view/css | response 400
error loadView general | 24.04.2018 17:08:29  |  User:   | view | response 400
error loadView general | 24.04.2018 17:08:29  |  User:   | view/css | response 400
error loadView general | 24.04.2018 17:08:30  |  User:   | view/css | response 400
error loadView general | 24.04.2018 17:09:53  |  User:   | view/css | response 400
error loadView general | 24.04.2018 17:09:53  |  User:   | view | response 400
error loadView general | 24.04.2018 17:09:53  |  User:   | view/css | response 400
error loadView general | 24.04.2018 17:09:53  |  User:   | view/css | response 400
error loadView general | 24.04.2018 17:11:59  |  User:   | view/css | response 400
error loadView general | 24.04.2018 17:11:59  |  User:   | view | response 400
error loadView general | 24.04.2018 17:11:59  |  User:   | view/css | response 400
error loadView general | 24.04.2018 17:12:00  |  User:   | view/css | response 400
error loadView general | 24.04.2018 17:12:03  |  User:   | view/css | response 400
error loadView general | 24.04.2018 21:48:48  |  User:   | view/css | response 400
error loadView general | 24.04.2018 21:48:49  |  User:   | view/css | response 400
error loadView general | 24.04.2018 21:52:32  |  User:   | view/css | response 400
error loadView general | 24.04.2018 21:52:32  |  User:   | view | response 400
error loadView general | 24.04.2018 21:52:32  |  User:   | view/css | response 400
error loadView general | 24.04.2018 21:52:32  |  User:   | view/css | response 400
error loadView general | 24.04.2018 21:52:33  |  User:   | view/css | response 400
error loadView general | 24.04.2018 21:52:38  |  User:   | view/css | response 400
error loadView general | 24.04.2018 21:52:38  |  User:   | view/css | response 400
error loadView general | 24.04.2018 21:53:33  |  User:   | media | response 400
error loadView general | 24.04.2018 21:53:42  |  User:   | media | response 400
error loadView general | 24.04.2018 21:53:52  |  User:   | media | response 400
error loadView general | 24.04.2018 21:54:01  |  User:   | view/css | response 400
error loadView general | 24.04.2018 21:54:01  |  User:   | view | response 400
error loadView general | 24.04.2018 21:54:01  |  User:   | view/css | response 400
error loadView general | 24.04.2018 21:54:02  |  User:   | view/css | response 400
error loadView general | 24.04.2018 21:56:14  |  User:   | view/css | response 400
error loadView general | 24.04.2018 21:56:17  |  User:   | view/css | response 400
error loadView general | 24.04.2018 21:56:17  |  User:   | view | response 400
error loadView general | 24.04.2018 21:56:17  |  User:   | view/css | response 400
error loadView general | 24.04.2018 21:56:17  |  User:   | view/css | response 400
error loadView general | 24.04.2018 21:56:21  |  User:   | view/css | response 400
error loadView general | 24.04.2018 21:56:21  |  User:   | media | response 400
error loadView general | 24.04.2018 23:15:40  |  User:   | view/css | response 400
error loadView general | 24.04.2018 23:15:40  |  User:   | view/css | response 400
error loadView general | 24.04.2018 23:15:40  |  User:   | media | response 400
error loadView general | 24.04.2018 23:16:47  |  User:   | view/css | response 400
error loadView general | 24.04.2018 23:16:47  |  User:   | view/css | response 400
error loadView general | 24.04.2018 23:16:47  |  User:   | media | response 400
error loadView general | 24.04.2018 23:19:45  |  User:   | view/css | response 400
error loadView general | 24.04.2018 23:19:46  |  User:   | view/css | response 400
error loadView general | 24.04.2018 23:19:47  |  User:   | media | response 400
error loadView general | 24.04.2018 23:21:04  |  User:   | view/css | response 400
error loadView general | 24.04.2018 23:21:04  |  User:   | media | response 400
error loadView general | 24.04.2018 23:21:05  |  User:   | view/css | response 400
error loadView general | 24.04.2018 23:23:51  |  User:   | view/css | response 400
error loadView general | 24.04.2018 23:23:52  |  User:   | media | response 400
error loadView general | 24.04.2018 23:23:55  |  User:   | view | response 400
error loadView general | 24.04.2018 23:26:02  |  User:   | view/css | response 400
error loadView general | 24.04.2018 23:26:03  |  User:   | view/css | response 400
error loadView general | 24.04.2018 23:26:03  |  User:   | media | response 400
error loadView general | 24.04.2018 23:26:07  |  User:   | view | response 400
error loadView general | 24.04.2018 23:26:20  |  User:   | view/css | response 400
error loadView general | 24.04.2018 23:26:21  |  User:   | media | response 400
error loadView general | 24.04.2018 23:26:26  |  User:   | view | response 400
error loadView general | 24.04.2018 23:27:14  |  User:   | view/css | response 400
error loadView general | 24.04.2018 23:27:14  |  User:   | view/css | response 400
error loadView general | 24.04.2018 23:27:15  |  User:   | media | response 400
error loadView general | 24.04.2018 23:27:18  |  User:   | view | response 400
error loadView general | 24.04.2018 23:27:31  |  User:   | view/css | response 400
error loadView general | 24.04.2018 23:27:31  |  User:   | view/css | response 400
error loadView general | 24.04.2018 23:27:31  |  User:   | media | response 400
error loadView general | 24.04.2018 23:27:36  |  User:   | view | response 400
error loadView general | 24.04.2018 23:29:00  |  User:   | view/css | response 400
error loadView general | 24.04.2018 23:29:00  |  User:   | view/css | response 400
error loadView general | 24.04.2018 23:29:00  |  User:   | media | response 400
error loadView general | 24.04.2018 23:29:03  |  User:   | view | response 400
error loadView general | 24.04.2018 23:29:17  |  User:   | view/css | response 400
error loadView general | 24.04.2018 23:29:18  |  User:   | media | response 400
error loadView general | 24.04.2018 23:29:18  |  User:   | view/css | response 400
error loadView general | 24.04.2018 23:29:21  |  User:   | view | response 400
error loadView general | 24.04.2018 23:32:25  |  User:   | view/css | response 400
error loadView general | 24.04.2018 23:32:26  |  User:   | media | response 400
error loadView general | 24.04.2018 23:32:26  |  User:   | view/css | response 400
error loadView general | 24.04.2018 23:32:29  |  User:   | view | response 400
error loadView general | 24.04.2018 23:33:03  |  User:   | view/css | response 400
error loadView general | 24.04.2018 23:33:04  |  User:   | view/css | response 400
error loadView general | 24.04.2018 23:33:04  |  User:   | media | response 400
error loadView general | 24.04.2018 23:33:06  |  User:   | view | response 400
error loadView general | 24.04.2018 23:33:58  |  User:   | view/css | response 400
error loadView general | 24.04.2018 23:33:58  |  User:   | media | response 400
error loadView general | 24.04.2018 23:33:58  |  User:   | view/css | response 400
error loadView general | 24.04.2018 23:34:02  |  User:   | view | response 400
error loadView general | 24.04.2018 23:34:30  |  User:   | view/css | response 400
error loadView general | 24.04.2018 23:34:30  |  User:   | view/css | response 400
error loadView general | 24.04.2018 23:34:31  |  User:   | media | response 400
error loadView general | 24.04.2018 23:34:33  |  User:   | view | response 400
error loadView general | 24.04.2018 23:34:52  |  User:   | view/css | response 400
error loadView general | 24.04.2018 23:34:53  |  User:   | media | response 400
error loadView general | 24.04.2018 23:34:53  |  User:   | view/css | response 400
error loadView general | 24.04.2018 23:34:56  |  User:   | view | response 400
error loadView general | 24.04.2018 23:35:19  |  User:   | view/css | response 400
error loadView general | 24.04.2018 23:35:20  |  User:   | media | response 400
error loadView general | 24.04.2018 23:35:20  |  User:   | view/css | response 400
error loadView general | 24.04.2018 23:35:22  |  User:   | view | response 400
error loadView general | 24.04.2018 23:35:47  |  User:   | view/css | response 400
error loadView general | 24.04.2018 23:35:47  |  User:   | view/css | response 400
error loadView general | 24.04.2018 23:35:47  |  User:   | media | response 400
error loadView general | 24.04.2018 23:35:50  |  User:   | view | response 400
error loadView general | 24.04.2018 23:36:17  |  User:   | view/css | response 400
error loadView general | 24.04.2018 23:36:17  |  User:   | media | response 400
error loadView general | 24.04.2018 23:36:17  |  User:   | view/css | response 400
error loadView general | 24.04.2018 23:36:21  |  User:   | view | response 400
error loadView general | 24.04.2018 23:36:56  |  User:   | view/css | response 400
error loadView general | 24.04.2018 23:36:56  |  User:   | media | response 400
error loadView general | 24.04.2018 23:36:56  |  User:   | view/css | response 400
error loadView general | 24.04.2018 23:37:00  |  User:   | view | response 400
error loadView general | 24.04.2018 23:37:14  |  User:   | view/css | response 400
error loadView general | 24.04.2018 23:37:15  |  User:   | media | response 400
error loadView general | 24.04.2018 23:37:18  |  User:   | view | response 400
error loadView general | 24.04.2018 23:37:55  |  User:   | view/css | response 400
error loadView general | 24.04.2018 23:37:55  |  User:   | view/css | response 400
error loadView general | 24.04.2018 23:37:55  |  User:   | media | response 400
error loadView general | 24.04.2018 23:37:58  |  User:   | view | response 400
error loadView general | 24.04.2018 23:40:17  |  User:   | view/css | response 400
error loadView general | 24.04.2018 23:40:17  |  User:   | media | response 400
error loadView general | 24.04.2018 23:40:20  |  User:   | view | response 400
error loadView general | 24.04.2018 23:59:49  |  User:   | view/css | response 400
error loadView general | 24.04.2018 23:59:49  |  User:   | media | response 400
error loadView general | 24.04.2018 23:59:49  |  User:   | view/css | response 400
error loadView general | 24.04.2018 23:59:52  |  User:   | view | response 400
error loadView general | 25.04.2018 00:08:00  |  User:   | view/css | response 400
error loadView general | 25.04.2018 00:08:00  |  User:   | view/css | response 400
error loadView general | 25.04.2018 00:08:00  |  User:   | media | response 400
error loadView general | 25.04.2018 00:08:03  |  User:   | view | response 400
error loadView general | 25.04.2018 00:10:29  |  User:   | view/css | response 400
error loadView general | 25.04.2018 00:10:30  |  User:   | media | response 400
error loadView general | 25.04.2018 00:10:30  |  User:   | view/css | response 400
error loadView general | 25.04.2018 00:10:33  |  User:   | view | response 400
error loadView general | 25.04.2018 00:11:16  |  User:   | view/css | response 400
error loadView general | 25.04.2018 00:11:17  |  User:   | media | response 400
error loadView general | 25.04.2018 00:11:17  |  User:   | view/css | response 400
error loadView general | 25.04.2018 00:11:20  |  User:   | view | response 400
error loadView general | 25.04.2018 00:11:35  |  User:   | view/css | response 400
error loadView general | 25.04.2018 00:11:35  |  User:   | view/css | response 400
error loadView general | 25.04.2018 00:11:35  |  User:   | media | response 400
error loadView general | 25.04.2018 00:11:39  |  User:   | view | response 400
error loadView general | 25.04.2018 00:18:23  |  User:   | view/css | response 400
error loadView general | 25.04.2018 00:18:23  |  User:   | media | response 400
error loadView general | 25.04.2018 00:18:24  |  User:   | view/css | response 400
error loadView general | 25.04.2018 00:19:33  |  User:   | view/css | response 400
error loadView general | 25.04.2018 00:19:34  |  User:   | media | response 400
error loadView general | 25.04.2018 00:21:05  |  User:   | view/css | response 400
error loadView general | 25.04.2018 00:21:06  |  User:   | view/css | response 400
error loadView general | 25.04.2018 00:21:06  |  User:   | media | response 400
error loadView general | 25.04.2018 00:22:13  |  User:   | view/css | response 400
error loadView general | 25.04.2018 00:22:14  |  User:   | view/css | response 400
error loadView general | 25.04.2018 00:22:14  |  User:   | media | response 400
error loadView general | 25.04.2018 00:22:53  |  User:   | view/css | response 400
error loadView general | 25.04.2018 00:22:53  |  User:   | view/css | response 400
error loadView general | 25.04.2018 00:22:53  |  User:   | media | response 400
error loadView general | 25.04.2018 00:23:23  |  User:   | view/css | response 400
error loadView general | 25.04.2018 00:23:24  |  User:   | view/css | response 400
error loadView general | 25.04.2018 00:23:24  |  User:   | media | response 400
error loadView general | 25.04.2018 00:28:28  |  User:   | view/css | response 400
error loadView general | 25.04.2018 00:28:29  |  User:   | media | response 400
error loadView general | 25.04.2018 00:28:29  |  User:   | view/css | response 400
error loadView general | 25.04.2018 00:30:02  |  User:   | view/css | response 400
error loadView general | 25.04.2018 00:30:03  |  User:   | view/css | response 400
error loadView general | 25.04.2018 00:30:03  |  User:   | media | response 400
error loadView general | 25.04.2018 00:31:09  |  User:   | view/css | response 400
error loadView general | 25.04.2018 00:31:09  |  User:   | media | response 400
error loadView general | 25.04.2018 00:31:33  |  User:   | view/css | response 400
error loadView general | 25.04.2018 00:31:34  |  User:   | view/css | response 400
error loadView general | 25.04.2018 00:31:34  |  User:   | media | response 400
error loadView general | 25.04.2018 00:32:21  |  User:   | view/css | response 400
error loadView general | 25.04.2018 00:32:21  |  User:   | media | response 400
error loadView general | 25.04.2018 00:33:07  |  User:   | view/css | response 400
error loadView general | 25.04.2018 00:33:07  |  User:   | view/css | response 400
error loadView general | 25.04.2018 00:33:07  |  User:   | media | response 400
error loadView general | 25.04.2018 00:33:36  |  User:   | view/css | response 400
error loadView general | 25.04.2018 00:33:37  |  User:   | media | response 400
error loadView general | 25.04.2018 00:33:37  |  User:   | view/css | response 400
error loadView general | 25.04.2018 00:33:56  |  User:   | view/css | response 400
error loadView general | 25.04.2018 00:33:56  |  User:   | media | response 400
error loadView general | 25.04.2018 00:33:56  |  User:   | view/css | response 400
error loadView general | 25.04.2018 00:34:26  |  User:   | view/css | response 400
error loadView general | 25.04.2018 00:34:27  |  User:   | view/css | response 400
error loadView general | 25.04.2018 00:34:27  |  User:   | media | response 400
error loadView general | 25.04.2018 00:34:39  |  User:   | view/css | response 400
error loadView general | 25.04.2018 00:34:40  |  User:   | media | response 400
error loadView general | 25.04.2018 00:34:40  |  User:   | view/css | response 400
error loadView general | 25.04.2018 00:35:10  |  User:   | view/css | response 400
error loadView general | 25.04.2018 00:35:10  |  User:   | media | response 400
error loadView general | 25.04.2018 00:35:10  |  User:   | view/css | response 400
error loadView general | 25.04.2018 00:37:25  |  User:   | view/css | response 400
error loadView general | 25.04.2018 00:37:25  |  User:   | view/css | response 400
error loadView general | 25.04.2018 00:37:25  |  User:   | media | response 400
error loadView general | 25.04.2018 00:39:25  |  User:   | view/css | response 400
error loadView general | 25.04.2018 00:39:26  |  User:   | view/css | response 400
error loadView general | 25.04.2018 00:39:26  |  User:   | media | response 400
error loadView general | 25.04.2018 00:39:35  |  User:   | view/css | response 400
error loadView general | 25.04.2018 00:39:36  |  User:   | view/css | response 400
error loadView general | 25.04.2018 00:39:36  |  User:   | media | response 400
error loadView general | 25.04.2018 00:47:56  |  User:   | view/css | response 400
error loadView general | 25.04.2018 00:47:57  |  User:   | view/css | response 400
error loadView general | 25.04.2018 00:47:57  |  User:   | media | response 400
error loadView general | 25.04.2018 00:48:20  |  User:   | view/css | response 400
error loadView general | 25.04.2018 00:48:21  |  User:   | view/css | response 400
error loadView general | 25.04.2018 00:48:21  |  User:   | media | response 400
error loadView general | 25.04.2018 00:48:57  |  User:   | view/css | response 400
error loadView general | 25.04.2018 00:48:58  |  User:   | view/css | response 400
error loadView general | 25.04.2018 00:48:58  |  User:   | media | response 400
error loadView general | 25.04.2018 00:49:52  |  User:   | view/css | response 400
error loadView general | 25.04.2018 00:49:53  |  User:   | view/css | response 400
error loadView general | 25.04.2018 00:49:53  |  User:   | media | response 400
error loadView general | 25.04.2018 00:51:12  |  User:   | view/css | response 400
error loadView general | 25.04.2018 00:51:12  |  User:   | view/css | response 400
error loadView general | 25.04.2018 00:51:12  |  User:   | media | response 400
error loadView general | 25.04.2018 00:51:49  |  User:   | view/css | response 400
error loadView general | 25.04.2018 00:51:49  |  User:   | media | response 400
error loadView general | 25.04.2018 00:51:49  |  User:   | view/css | response 400
error loadView general | 25.04.2018 00:53:16  |  User:   | view/css | response 400
error loadView general | 25.04.2018 00:53:17  |  User:   | media | response 400
error loadView general | 25.04.2018 00:53:17  |  User:   | view/css | response 400
error loadView general | 25.04.2018 00:53:54  |  User:   | view/css | response 400
error loadView general | 25.04.2018 00:53:54  |  User:   | media | response 400
error loadView general | 25.04.2018 00:53:54  |  User:   | view/css | response 400
error loadView general | 25.04.2018 00:54:19  |  User:   | view/css | response 400
error loadView general | 25.04.2018 00:54:20  |  User:   | view/css | response 400
error loadView general | 25.04.2018 00:54:20  |  User:   | media | response 400
error loadView general | 25.04.2018 00:55:15  |  User:   | view/css | response 400
error loadView general | 25.04.2018 00:55:15  |  User:   | media | response 400
error loadView general | 25.04.2018 00:55:15  |  User:   | view/css | response 400
error loadView general | 25.04.2018 00:55:47  |  User:   | view/css | response 400
error loadView general | 25.04.2018 00:55:48  |  User:   | view/css | response 400
error loadView general | 25.04.2018 00:55:48  |  User:   | media | response 400
error loadView general | 25.04.2018 00:56:10  |  User:   | view/css | response 400
error loadView general | 25.04.2018 00:56:10  |  User:   | view/css | response 400
error loadView general | 25.04.2018 00:56:10  |  User:   | media | response 400
error loadView general | 25.04.2018 00:57:56  |  User:   | view/css | response 400
error loadView general | 25.04.2018 00:57:56  |  User:   | media | response 400
error loadView general | 25.04.2018 00:57:56  |  User:   | view/css | response 400
error loadView general | 25.04.2018 00:58:06  |  User:   | view/css | response 400
error loadView general | 25.04.2018 00:58:07  |  User:   | media | response 400
error loadView general | 25.04.2018 00:58:37  |  User:   | view/css | response 400
error loadView general | 25.04.2018 00:58:37  |  User:   | view/css | response 400
error loadView general | 25.04.2018 00:58:37  |  User:   | media | response 400
error loadView general | 25.04.2018 00:58:53  |  User:   | view/css | response 400
error loadView general | 25.04.2018 00:58:53  |  User:   | media | response 400
error loadView general | 25.04.2018 00:59:25  |  User:   | view/css | response 400
error loadView general | 25.04.2018 00:59:26  |  User:   | media | response 400
error loadView general | 25.04.2018 00:59:26  |  User:   | view/css | response 400
error loadView general | 25.04.2018 00:59:38  |  User:   | view/css | response 400
error loadView general | 25.04.2018 00:59:39  |  User:   | view/css | response 400
error loadView general | 25.04.2018 00:59:39  |  User:   | media | response 400
error loadView general | 25.04.2018 00:59:58  |  User:   | view/css | response 400
error loadView general | 25.04.2018 00:59:58  |  User:   | media | response 400
error loadView general | 25.04.2018 00:59:58  |  User:   | view/css | response 400
error loadView general | 25.04.2018 01:00:47  |  User:   | view/css | response 400
error loadView general | 25.04.2018 01:00:48  |  User:   | media | response 400
error loadView general | 25.04.2018 01:00:48  |  User:   | view/css | response 400
error loadView general | 25.04.2018 01:01:15  |  User:   | view/css | response 400
error loadView general | 25.04.2018 01:01:15  |  User:   | media | response 400
error loadView general | 25.04.2018 01:01:15  |  User:   | view/css | response 400
error loadView general | 25.04.2018 01:26:23  |  User:   | view/css | response 400
error loadView general | 25.04.2018 01:26:24  |  User:   | view/css | response 400
error loadView general | 25.04.2018 01:26:24  |  User:   | media | response 400
error loadView general | 25.04.2018 01:26:51  |  User:   | view/css | response 400
error loadView general | 25.04.2018 01:26:51  |  User:   | media | response 400
error loadView general | 25.04.2018 01:26:57  |  User:   | view/css | response 400
error loadView general | 25.04.2018 01:27:05  |  User:   | view/css | response 400
error loadView general | 25.04.2018 01:27:05  |  User:   | media | response 400
error loadView general | 25.04.2018 01:27:09  |  User:   | view/css | response 400
error loadView general | 25.04.2018 01:27:09  |  User:   | courses | response 400
error loadView general | 25.04.2018 01:27:12  |  User:   | view/css | response 400
error loadView general | 25.04.2018 01:27:12  |  User:   | media | response 400
error loadView general | 25.04.2018 01:27:18  |  User:   | view/css | response 400
error loadView general | 25.04.2018 01:27:19  |  User:   | media | response 400
error loadView general | 25.04.2018 01:27:25  |  User:   | view/css | response 400
error loadView general | 25.04.2018 01:27:25  |  User:   | media | response 400
error loadView general | 25.04.2018 01:27:59  |  User:   | view/css | response 400
error loadView general | 25.04.2018 01:28:00  |  User:   | media | response 400
error loadView general | 25.04.2018 01:33:57  |  User:   | view/css | response 400
error loadView general | 25.04.2018 01:33:58  |  User:   | view/css | response 400
error loadView general | 25.04.2018 01:33:58  |  User:   | media | response 400
error loadView general | 25.04.2018 01:35:35  |  User:   | view/css | response 400
error loadView general | 25.04.2018 01:35:36  |  User:   | view/css | response 400
error loadView general | 25.04.2018 01:35:36  |  User:   | media | response 400
error loadView general | 25.04.2018 01:35:39  |  User:   | module/profile | response 400
error loadView general | 25.04.2018 01:35:42  |  User:   | view/css | response 400
error loadView general | 25.04.2018 01:35:43  |  User:   | media | response 400
error loadView general | 25.04.2018 01:35:58  |  User:   | module/profile | response 400
error loadView general | 25.04.2018 01:37:34  |  User:   | view/css | response 400
error loadView general | 25.04.2018 01:37:35  |  User:   | media | response 400
error loadView general | 25.04.2018 01:43:34  |  User:   | view/css | response 400
error loadView general | 25.04.2018 01:43:34  |  User:   | view/css | response 400
error loadView general | 25.04.2018 01:43:34  |  User:   | media | response 400
error loadView general | 25.04.2018 01:51:05  |  User:   | view/css | response 400
error loadView general | 25.04.2018 01:51:06  |  User:   | courses/list_courses/view/dropzone | response 400
error loadView general | 25.04.2018 01:51:06  |  User:   | media | response 400
error loadView general | 25.04.2018 01:52:15  |  User:   | view/css | response 400
error loadView general | 25.04.2018 01:52:15  |  User:   | view/css | response 400
error loadView general | 25.04.2018 01:52:16  |  User:   | courses/list_courses/view/dropzone | response 400
error loadView general | 25.04.2018 01:52:16  |  User:   | media | response 400
error loadView general | 25.04.2018 01:52:29  |  User:   | view/css | response 400
error loadView general | 25.04.2018 01:52:29  |  User:   | media | response 400
error loadView general | 25.04.2018 01:52:30  |  User:   | view/css | response 400
error loadView general | 25.04.2018 01:52:30  |  User:   | media | response 400
error loadView general | 25.04.2018 01:52:31  |  User:   | view/css | response 400
error loadView general | 25.04.2018 01:52:31  |  User:   | media | response 400
error loadView general | 25.04.2018 01:52:32  |  User:   | view/css | response 400
error loadView general | 25.04.2018 01:52:32  |  User:   | media | response 400
error loadView general | 25.04.2018 01:52:32  |  User:   | view/css | response 400
error loadView general | 25.04.2018 01:52:33  |  User:   | media | response 400
error loadView general | 25.04.2018 01:52:34  |  User:   | view/css | response 400
error loadView general | 25.04.2018 01:52:34  |  User:   | media | response 400
error loadView general | 25.04.2018 01:52:35  |  User:   | view/css | response 400
error loadView general | 25.04.2018 01:52:35  |  User:   | media | response 400
error loadView general | 25.04.2018 01:52:36  |  User:   | view/css | response 400
error loadView general | 25.04.2018 01:52:36  |  User:   | media | response 400
error loadView general | 25.04.2018 01:52:37  |  User:   | view/css | response 400
error loadView general | 25.04.2018 01:52:38  |  User:   | media | response 400
error loadView general | 25.04.2018 01:52:38  |  User:   | view/css | response 400
error loadView general | 25.04.2018 01:52:38  |  User:   | media | response 400
error loadView general | 25.04.2018 01:52:39  |  User:   | view/css | response 400
error loadView general | 25.04.2018 01:52:39  |  User:   | media | response 400
error loadView general | 25.04.2018 01:52:40  |  User:   | view/css | response 400
error loadView general | 25.04.2018 01:52:40  |  User:   | media | response 400
error loadView general | 25.04.2018 01:52:41  |  User:   | view/css | response 400
error loadView general | 25.04.2018 01:52:41  |  User:   | media | response 400
error loadView general | 25.04.2018 01:52:42  |  User:   | view/css | response 400
error loadView general | 25.04.2018 01:52:42  |  User:   | media | response 400
error loadView general | 25.04.2018 01:52:42  |  User:   | view/css | response 400
error loadView general | 25.04.2018 01:52:42  |  User:   | media | response 400
error loadView general | 25.04.2018 01:52:43  |  User:   | view/css | response 400
error loadView general | 25.04.2018 01:52:44  |  User:   | media | response 400
error loadView general | 25.04.2018 01:52:44  |  User:   | view/css | response 400
error loadView general | 25.04.2018 01:52:45  |  User:   | media | response 400
error loadView general | 25.04.2018 01:52:45  |  User:   | view/css | response 400
error loadView general | 25.04.2018 01:52:46  |  User:   | media | response 400
error loadView general | 25.04.2018 01:52:46  |  User:   | view/css | response 400
error loadView general | 25.04.2018 01:52:46  |  User:   | media | response 400
error loadView general | 25.04.2018 01:52:47  |  User:   | view/css | response 400
error loadView general | 25.04.2018 01:52:47  |  User:   | media | response 400
error loadView general | 25.04.2018 01:52:48  |  User:   | view/css | response 400
error loadView general | 25.04.2018 01:52:48  |  User:   | media | response 400
error loadView general | 25.04.2018 01:52:49  |  User:   | view/css | response 400
error loadView general | 25.04.2018 01:52:49  |  User:   | media | response 400
error loadView general | 25.04.2018 01:52:50  |  User:   | view/css | response 400
error loadView general | 25.04.2018 01:52:50  |  User:   | media | response 400
error loadView general | 25.04.2018 01:52:50  |  User:   | courses/list_courses/view/dropzone | response 400
error loadView general | 25.04.2018 01:52:55  |  User:   | view/css | response 400
error loadView general | 25.04.2018 01:52:55  |  User:   | view/css | response 400
error loadView general | 25.04.2018 01:52:56  |  User:   | media | response 400
error loadView general | 25.04.2018 01:52:56  |  User:   | courses/list_courses/view/dropzone | response 400
error loadView general | 25.04.2018 01:53:00  |  User:   | view/css | response 400
error loadView general | 25.04.2018 01:53:00  |  User:   | view/css | response 400
error loadView general | 25.04.2018 01:53:00  |  User:   | view | response 400
error loadView general | 25.04.2018 01:53:01  |  User:   | view/css | response 400
error loadView general | 25.04.2018 01:53:01  |  User:   | homepage/homepage/view/dropzone | response 400
error loadView general | 25.04.2018 01:53:31  |  User:   | view/css | response 400
error loadView general | 25.04.2018 01:53:31  |  User:   | view | response 400
error loadView general | 25.04.2018 01:53:32  |  User:   | view/css | response 400
error loadView general | 25.04.2018 01:53:33  |  User:   | view/css | response 400
error loadView general | 25.04.2018 01:53:40  |  User:   | view/css | response 400
error loadView general | 25.04.2018 01:53:40  |  User:   | media | response 400
error loadView general | 25.04.2018 01:54:41  |  User:   | view/css | response 400
error loadView general | 25.04.2018 01:54:42  |  User:   | media | response 400
error loadView general | 25.04.2018 01:54:51  |  User:   | view/css | response 400
error loadView general | 25.04.2018 01:54:52  |  User:   | view | response 400
error loadView general | 25.04.2018 01:54:52  |  User:   | view/css | response 400
error loadView general | 25.04.2018 01:54:52  |  User:   | view/css | response 400
error loadView general | 25.04.2018 02:00:18  |  User:   | view/css | response 400
error loadView general | 25.04.2018 02:00:18  |  User:   | view | response 400
error loadView general | 25.04.2018 02:00:18  |  User:   | view/css | response 400
error loadView general | 25.04.2018 02:00:19  |  User:   | view/css | response 400
error loadView general | 25.04.2018 02:00:19  |  User:   | module/profile | response 400
error loadView general | 25.04.2018 02:03:15  |  User:   | view/css | response 400
error loadView general | 25.04.2018 02:03:15  |  User:   | view | response 400
error loadView general | 25.04.2018 02:03:15  |  User:   | view/css | response 400
error loadView general | 25.04.2018 02:03:16  |  User:   | module/profile | response 400
error loadView general | 25.04.2018 02:03:16  |  User:   | view/css | response 400
error loadView general | 25.04.2018 02:03:16  |  User:   | view/css | response 400
error loadView general | 25.04.2018 02:03:26  |  User:   | view/css | response 400
error loadView general | 25.04.2018 02:03:26  |  User:   | view | response 400
error loadView general | 25.04.2018 02:03:26  |  User:   | view/css | response 400
error loadView general | 25.04.2018 02:03:27  |  User:   | module/profile | response 400
error loadView general | 25.04.2018 02:03:27  |  User:   | view/css | response 400
error loadView general | 25.04.2018 02:03:27  |  User:   | view/css | response 400
error loadView general | 25.04.2018 02:03:31  |  User:   | view/css | response 400
error loadView general | 25.04.2018 02:03:32  |  User:   | module/profile | response 400
error loadView general | 25.04.2018 02:04:01  |  User:   | view/css | response 400
error loadView general | 25.04.2018 02:04:02  |  User:   | view/css | response 400
error loadView general | 25.04.2018 02:04:21  |  User:   | view/css | response 400
error loadView general | 25.04.2018 02:07:07  |  User:   | view/css | response 400
error loadView general | 25.04.2018 02:07:17  |  User:   | view/css | response 400
error loadView general | 25.04.2018 02:07:20  |  User:   | view/css | response 400
error loadView general | 25.04.2018 02:07:20  |  User:   | view/css | response 400
error loadView general | 25.04.2018 02:07:20  |  User:   | view | response 400
error loadView general | 25.04.2018 02:07:21  |  User:   | view/css | response 400
error loadView general | 25.04.2018 10:15:48  |  User:   | view/css | response 400
error loadView general | 25.04.2018 10:15:49  |  User:   | view/css | response 400
error loadView general | 25.04.2018 10:15:49  |  User:   | view | response 400
error loadView general | 25.04.2018 10:15:49  |  User:   | view/css | response 400
error loadView general | 25.04.2018 10:15:49  |  User:   | view/css | response 400
error loadView general | 25.04.2018 10:19:07  |  User:   | view/css | response 400
error loadView general | 25.04.2018 10:19:07  |  User:   | view | response 400
error loadView general | 25.04.2018 10:19:07  |  User:   | view/css | response 400
error loadView general | 25.04.2018 10:19:08  |  User:   | view/css | response 400
error loadView general | 25.04.2018 10:19:08  |  User:   | view/css | response 400
error loadView general | 25.04.2018 10:19:31  |  User:   | view/css | response 400
error loadView general | 25.04.2018 10:19:43  |  User:   | view/css | response 400
error loadView general | 25.04.2018 10:19:43  |  User:   | view/css | response 400
error loadView general | 25.04.2018 10:19:43  |  User:   | view | response 400
error loadView general | 25.04.2018 10:19:44  |  User:   | view/css | response 400
error loadView general | 25.04.2018 10:28:58  |  User:   | view/css | response 400
error loadView general | 25.04.2018 10:28:58  |  User:   | view | response 400
error loadView general | 25.04.2018 10:28:58  |  User:   | view/css | response 400
error loadView general | 25.04.2018 10:28:59  |  User:   | view/css | response 400
error loadView general | 25.04.2018 10:28:59  |  User:   | view/css | response 400
error loadView general | 25.04.2018 10:29:24  |  User:   | view | response 400
error loadView general | 25.04.2018 10:29:24  |  User:   | view/css | response 400
error loadView general | 25.04.2018 10:29:25  |  User:   | view/css | response 400
error loadView general | 25.04.2018 10:29:25  |  User:   | view/css | response 400
error loadView general | 25.04.2018 10:29:26  |  User:   | view/css | response 400
error loadView general | 25.04.2018 10:30:21  |  User:   | view/css | response 400
error loadView general | 25.04.2018 10:30:21  |  User:   | view | response 400
error loadView general | 25.04.2018 10:30:21  |  User:   | view/css | response 400
error loadView general | 25.04.2018 10:30:22  |  User:   | view/css | response 400
error loadView general | 25.04.2018 10:30:22  |  User:   | view/css | response 400
error loadView general | 25.04.2018 10:31:51  |  User:   | view/css | response 400
error loadView general | 25.04.2018 10:31:51  |  User:   | view/css | response 400
error loadView general | 25.04.2018 10:31:51  |  User:   | view | response 400
error loadView general | 25.04.2018 10:31:52  |  User:   | view/css | response 400
error loadView general | 25.04.2018 10:31:55  |  User:   | view/css | response 400
error loadView general | 25.04.2018 10:31:55  |  User:   | view | response 400
error loadView general | 25.04.2018 10:31:56  |  User:   | view/css | response 400
error loadView general | 25.04.2018 10:31:56  |  User:   | view/css | response 400
error loadView general | 25.04.2018 10:31:56  |  User:   | view/css | response 400
error loadView general | 25.04.2018 10:34:26  |  User:   | module/profile/view | response 400
error loadView general | 25.04.2018 10:34:27  |  User:   | module/profile/view | response 400
error loadView general | 25.04.2018 10:34:27  |  User:   | view/css | response 400
error loadView general | 25.04.2018 10:34:27  |  User:   | view | response 400
error loadView general | 25.04.2018 10:34:27  |  User:   | view/css | response 400
error loadView general | 25.04.2018 10:34:28  |  User:   | view/css | response 400
error loadView general | 25.04.2018 10:34:28  |  User:   | view/css | response 400
error loadView general | 25.04.2018 10:34:56  |  User:   | module/profile/view | response 400
error loadView general | 25.04.2018 10:34:57  |  User:   | view/css | response 400
error loadView general | 25.04.2018 10:34:57  |  User:   | module/profile/view | response 400
error loadView general | 25.04.2018 10:34:57  |  User:   | view | response 400
error loadView general | 25.04.2018 10:34:58  |  User:   | view/css | response 400
error loadView general | 25.04.2018 10:34:58  |  User:   | view/css | response 400
error loadView general | 25.04.2018 10:34:58  |  User:   | view/css | response 400
error loadView general | 25.04.2018 10:36:00  |  User:   | view/css | response 400
error loadView general | 25.04.2018 10:36:02  |  User:   | view | response 400
error loadView general | 25.04.2018 10:36:02  |  User:   | view/css | response 400
error loadView general | 25.04.2018 10:36:02  |  User:   | view/css | response 400
error loadView general | 25.04.2018 10:36:03  |  User:   | view/css | response 400
error loadView general | 25.04.2018 10:46:33  |  User:   | view/css | response 400
error loadView general | 25.04.2018 10:46:33  |  User:   | view/css | response 400
error loadView general | 25.04.2018 10:46:33  |  User:   | view | response 400
error loadView general | 25.04.2018 10:46:34  |  User:   | view/css | response 400
error loadView general | 25.04.2018 10:46:34  |  User:   | view/css | response 400
error loadView general | 25.04.2018 10:50:27  |  User:   | view/css | response 400
error loadView general | 25.04.2018 10:50:28  |  User:   | view | response 400
error loadView general | 25.04.2018 10:50:28  |  User:   | view/css | response 400
error loadView general | 25.04.2018 10:50:28  |  User:   | view/css | response 400
error loadView general | 25.04.2018 10:50:29  |  User:   | view/css | response 400
error loadView general | 25.04.2018 10:53:19  |  User:   | view | response 400
error loadView general | 25.04.2018 10:53:19  |  User:   | view/css | response 400
error loadView general | 25.04.2018 10:53:19  |  User:   | view/css | response 400
error loadView general | 25.04.2018 10:53:19  |  User:   | view/css | response 400
error loadView general | 25.04.2018 10:53:22  |  User:   | view/css | response 400
error loadView general | 25.04.2018 10:58:32  |  User:   | view/css | response 400
error loadView general | 25.04.2018 10:58:32  |  User:   | view | response 400
error loadView general | 25.04.2018 10:58:32  |  User:   | view/css | response 400
error loadView general | 25.04.2018 10:58:32  |  User:   | view/css | response 400
error loadView general | 25.04.2018 10:58:33  |  User:   | view/css | response 400
error loadView general | 25.04.2018 10:59:18  |  User:   | view/css | response 400
error loadView general | 25.04.2018 10:59:18  |  User:   | view/css | response 400
error loadView general | 25.04.2018 10:59:18  |  User:   | view | response 400
error loadView general | 25.04.2018 10:59:18  |  User:   | view/css | response 400
error loadView general | 25.04.2018 10:59:21  |  User:   | view/css | response 400
error loadView general | 25.04.2018 10:59:56  |  User:   | view/css | response 400
error loadView general | 25.04.2018 10:59:56  |  User:   | view | response 400
error loadView general | 25.04.2018 10:59:57  |  User:   | view/css | response 400
error loadView general | 25.04.2018 10:59:57  |  User:   | view/css | response 400
error loadView general | 25.04.2018 11:00:00  |  User:   | view/css | response 400
error loadView general | 25.04.2018 11:00:25  |  User:   | view/css | response 400
error loadView general | 25.04.2018 11:00:25  |  User:   | view/css | response 400
error loadView general | 25.04.2018 11:00:25  |  User:   | view | response 400
error loadView general | 25.04.2018 11:00:26  |  User:   | view/css | response 400
error loadView general | 25.04.2018 11:00:28  |  User:   | view/css | response 400
error loadView general | 25.04.2018 11:01:11  |  User:   | view/css | response 400
error loadView general | 25.04.2018 11:01:11  |  User:   | view/css | response 400
error loadView general | 25.04.2018 11:01:11  |  User:   | view | response 400
error loadView general | 25.04.2018 11:01:12  |  User:   | view/css | response 400
error loadView general | 25.04.2018 11:01:13  |  User:   | view/css | response 400
error loadView general | 25.04.2018 11:02:06  |  User:   | view/css | response 400
error loadView general | 25.04.2018 11:02:06  |  User:   | view/css | response 400
error loadView general | 25.04.2018 11:02:06  |  User:   | view | response 400
error loadView general | 25.04.2018 11:02:06  |  User:   | view/css | response 400
error loadView general | 25.04.2018 11:02:07  |  User:   | view/css | response 400
error loadView general | 25.04.2018 11:02:27  |  User:   | view/css | response 400
error loadView general | 25.04.2018 11:02:27  |  User:   | view | response 400
error loadView general | 25.04.2018 11:02:27  |  User:   | view/css | response 400
error loadView general | 25.04.2018 11:02:27  |  User:   | view/css | response 400
error loadView general | 25.04.2018 11:02:28  |  User:   | view/css | response 400
error loadView general | 25.04.2018 11:13:18  |  User:   | view/css | response 400
error loadView general | 25.04.2018 11:13:18  |  User:   | view | response 400
error loadView general | 25.04.2018 11:13:19  |  User:   | view/css | response 400
error loadView general | 25.04.2018 11:13:19  |  User:   | view/css | response 400
error loadView general | 25.04.2018 11:13:20  |  User:   | view/css | response 400
error loadView general | 25.04.2018 11:15:38  |  User:   | view/css | response 400
error loadView general | 25.04.2018 11:15:38  |  User:   | view | response 400
error loadView general | 25.04.2018 11:15:38  |  User:   | view/css | response 400
error loadView general | 25.04.2018 11:15:38  |  User:   | view/css | response 400
error loadView general | 25.04.2018 11:15:39  |  User:   | view/css | response 400
error loadView general | 25.04.2018 11:17:07  |  User:   | view/css | response 400
error loadView general | 25.04.2018 11:17:07  |  User:   | view | response 400
error loadView general | 25.04.2018 11:17:07  |  User:   | view/css | response 400
error loadView general | 25.04.2018 11:17:08  |  User:   | view/css | response 400
error loadView general | 25.04.2018 11:17:09  |  User:   | view/css | response 400
error loadView general | 25.04.2018 11:17:34  |  User:   | view/css | response 400
error loadView general | 25.04.2018 11:17:34  |  User:   | view | response 400
error loadView general | 25.04.2018 11:17:34  |  User:   | view/css | response 400
error loadView general | 25.04.2018 11:17:35  |  User:   | view/css | response 400
error loadView general | 25.04.2018 11:17:36  |  User:   | view/css | response 400
error loadView general | 25.04.2018 11:23:16  |  User:   | view/css | response 400
error loadView general | 25.04.2018 11:23:16  |  User:   | view | response 400
error loadView general | 25.04.2018 11:23:16  |  User:   | view/css | response 400
error loadView general | 25.04.2018 11:23:17  |  User:   | view/css | response 400
error loadView general | 25.04.2018 11:23:18  |  User:   | view/css | response 400
error loadView general | 25.04.2018 11:23:27  |  User:   | view/css | response 400
error loadView general | 25.04.2018 11:23:27  |  User:   | view/css | response 400
error loadView general | 25.04.2018 11:23:27  |  User:   | view | response 400
error loadView general | 25.04.2018 11:23:27  |  User:   | view/css | response 400
error loadView general | 25.04.2018 11:23:33  |  User:   | view/css | response 400
error loadView general | 25.04.2018 11:23:33  |  User:   | view/css | response 400
error loadView general | 25.04.2018 11:23:33  |  User:   | view | response 400
error loadView general | 25.04.2018 11:23:33  |  User:   | view/css | response 400
error loadView general | 25.04.2018 11:23:34  |  User:   | view/css | response 400
error loadView general | 25.04.2018 11:24:36  |  User:   | view/css | response 400
error loadView general | 25.04.2018 11:24:36  |  User:   | view | response 400
error loadView general | 25.04.2018 11:24:36  |  User:   | view/css | response 400
error loadView general | 25.04.2018 11:24:36  |  User:   | view/css | response 400
error loadView general | 25.04.2018 11:24:38  |  User:   | view/css | response 400
error loadView general | 25.04.2018 11:25:14  |  User:   | view/css | response 400
error loadView general | 25.04.2018 11:25:14  |  User:   | view | response 400
error loadView general | 25.04.2018 11:25:14  |  User:   | view/css | response 400
error loadView general | 25.04.2018 11:25:14  |  User:   | view/css | response 400
error loadView general | 25.04.2018 11:25:16  |  User:   | view/css | response 400
error loadView general | 25.04.2018 11:26:03  |  User:   | view/css | response 400
error loadView general | 25.04.2018 11:26:03  |  User:   | view | response 400
error loadView general | 25.04.2018 11:26:04  |  User:   | view/css | response 400
error loadView general | 25.04.2018 11:26:04  |  User:   | view/css | response 400
error loadView general | 25.04.2018 11:26:05  |  User:   | view/css | response 400
error loadView general | 25.04.2018 11:26:31  |  User:   | view/css | response 400
error loadView general | 25.04.2018 11:26:31  |  User:   | view | response 400
error loadView general | 25.04.2018 11:26:31  |  User:   | view/css | response 400
error loadView general | 25.04.2018 11:26:31  |  User:   | view/css | response 400
error loadView general | 25.04.2018 11:26:32  |  User:   | view/css | response 400
error loadView general | 25.04.2018 11:26:56  |  User:   | view/css | response 400
error loadView general | 25.04.2018 11:26:56  |  User:   | view/css | response 400
error loadView general | 25.04.2018 11:26:56  |  User:   | view | response 400
error loadView general | 25.04.2018 11:26:57  |  User:   | view/css | response 400
error loadView general | 25.04.2018 11:26:59  |  User:   | view/css | response 400
error loadView general | 25.04.2018 11:27:50  |  User:   | view/css | response 400
error loadView general | 25.04.2018 11:27:50  |  User:   | view/css | response 400
error loadView general | 25.04.2018 11:27:50  |  User:   | view | response 400
error loadView general | 25.04.2018 11:27:50  |  User:   | view/css | response 400
error loadView general | 25.04.2018 11:27:51  |  User:   | view/css | response 400
error loadView general | 25.04.2018 11:28:39  |  User:   | view/css | response 400
error loadView general | 25.04.2018 11:28:39  |  User:   | view/css | response 400
error loadView general | 25.04.2018 11:28:39  |  User:   | view | response 400
error loadView general | 25.04.2018 11:28:39  |  User:   | view/css | response 400
error loadView general | 25.04.2018 11:28:41  |  User:   | view/css | response 400
error loadView general | 25.04.2018 11:29:03  |  User:   | view | response 400
error loadView general | 25.04.2018 11:29:03  |  User:   | view/css | response 400
error loadView general | 25.04.2018 11:29:03  |  User:   | view/css | response 400
error loadView general | 25.04.2018 11:29:03  |  User:   | view/css | response 400
error loadView general | 25.04.2018 11:29:05  |  User:   | view/css | response 400
error loadView general | 25.04.2018 11:29:19  |  User:   | view/css | response 400
error loadView general | 25.04.2018 11:29:19  |  User:   | view/css | response 400
error loadView general | 25.04.2018 11:29:19  |  User:   | view | response 400
error loadView general | 25.04.2018 11:29:20  |  User:   | view/css | response 400
error loadView general | 25.04.2018 11:29:21  |  User:   | view/css | response 400
error loadView general | 25.04.2018 11:29:55  |  User:   | view/css | response 400
error loadView general | 25.04.2018 11:29:55  |  User:   | view/css | response 400
error loadView general | 25.04.2018 11:29:55  |  User:   | view | response 400
error loadView general | 25.04.2018 11:29:55  |  User:   | view/css | response 400
error loadView general | 25.04.2018 11:29:56  |  User:   | view/css | response 400
error loadView general | 25.04.2018 11:30:16  |  User:   | view/css | response 400
error loadView general | 25.04.2018 11:30:16  |  User:   | view | response 400
error loadView general | 25.04.2018 11:30:16  |  User:   | view/css | response 400
error loadView general | 25.04.2018 11:30:16  |  User:   | view/css | response 400
error loadView general | 25.04.2018 11:30:16  |  User:   | view/css | response 400
error loadView general | 25.04.2018 11:30:41  |  User:   | view/css | response 400
error loadView general | 25.04.2018 11:30:41  |  User:   | view | response 400
error loadView general | 25.04.2018 11:30:41  |  User:   | view/css | response 400
error loadView general | 25.04.2018 11:30:42  |  User:   | view/css | response 400
error loadView general | 25.04.2018 11:30:43  |  User:   | view/css | response 400
error loadView general | 25.04.2018 11:32:29  |  User:   | view/css | response 400
error loadView general | 25.04.2018 11:32:29  |  User:   | view | response 400
error loadView general | 25.04.2018 11:32:29  |  User:   | view/css | response 400
error loadView general | 25.04.2018 11:32:30  |  User:   | view/css | response 400
error loadView general | 25.04.2018 11:32:31  |  User:   | view/css | response 400
error loadView general | 25.04.2018 11:33:44  |  User:   | view/css | response 400
error loadView general | 25.04.2018 11:33:44  |  User:   | view/css | response 400
error loadView general | 25.04.2018 11:33:44  |  User:   | view | response 400
error loadView general | 25.04.2018 11:33:44  |  User:   | view/css | response 400
error loadView general | 25.04.2018 11:33:46  |  User:   | view/css | response 400
error loadView general | 25.04.2018 11:50:25  |  User:   | view | response 400
error loadView general | 25.04.2018 11:50:25  |  User:   | view/css | response 400
error loadView general | 25.04.2018 11:50:25  |  User:   | view/css | response 400
error loadView general | 25.04.2018 11:50:26  |  User:   | view/css | response 400
error loadView general | 25.04.2018 11:50:27  |  User:   | view/css | response 400
error loadView general | 25.04.2018 11:53:02  |  User:   | view/css | response 400
error loadView general | 25.04.2018 11:53:02  |  User:   | view | response 400
error loadView general | 25.04.2018 11:53:02  |  User:   | view/css | response 400
error loadView general | 25.04.2018 11:53:03  |  User:   | view/css | response 400
error loadView general | 25.04.2018 11:53:04  |  User:   | view/css | response 400
error loadView general | 25.04.2018 11:53:44  |  User:   | view/css | response 400
error loadView general | 25.04.2018 11:53:44  |  User:   | view | response 400
error loadView general | 25.04.2018 11:53:44  |  User:   | view/css | response 400
error loadView general | 25.04.2018 11:53:45  |  User:   | view/css | response 400
error loadView general | 25.04.2018 11:53:46  |  User:   | view/css | response 400
error loadView general | 25.04.2018 11:54:42  |  User:   | view | response 400
error loadView general | 25.04.2018 11:54:42  |  User:   | view/css | response 400
error loadView general | 25.04.2018 11:54:43  |  User:   | view/css | response 400
error loadView general | 25.04.2018 11:54:44  |  User:   | view/css | response 400
error loadView general | 25.04.2018 12:04:04  |  User:   | view/css | response 400
error loadView general | 25.04.2018 12:04:05  |  User:   | media | response 400
error loadView general | 25.04.2018 12:04:25  |  User:   | view/css | response 400
error loadView general | 25.04.2018 12:04:25  |  User:   | view | response 400
error loadView general | 25.04.2018 12:04:25  |  User:   | view/css | response 400
error loadView general | 25.04.2018 12:04:26  |  User:   | view/css | response 400
error loadView general | 25.04.2018 12:16:45  |  User:   | view | response 400
error loadView general | 25.04.2018 12:16:45  |  User:   | view/css | response 400
error loadView general | 25.04.2018 12:16:45  |  User:   | view/css | response 400
error loadView general | 25.04.2018 12:16:46  |  User:   | view/css | response 400
error loadView general | 25.04.2018 12:18:58  |  User:   | view/css | response 400
error loadView general | 25.04.2018 12:18:59  |  User:   | view/css | response 400
error loadView general | 25.04.2018 12:18:59  |  User:   | view | response 400
error loadView general | 25.04.2018 12:19:00  |  User:   | view/css | response 400
error loadView general | 25.04.2018 12:19:27  |  User:   | view | response 400
error loadView general | 25.04.2018 12:19:27  |  User:   | view/css | response 400
error loadView general | 25.04.2018 12:19:27  |  User:   | view/css | response 400
error loadView general | 25.04.2018 12:19:28  |  User:   | view/css | response 400
error loadView general | 25.04.2018 12:20:19  |  User:   | view/css | response 400
error loadView general | 25.04.2018 12:20:19  |  User:   | view | response 400
error loadView general | 25.04.2018 12:20:20  |  User:   | view/css | response 400
error loadView general | 25.04.2018 12:20:20  |  User:   | view/css | response 400
error loadView general | 25.04.2018 12:21:46  |  User:   | view/css | response 400
error loadView general | 25.04.2018 12:21:46  |  User:   | view | response 400
error loadView general | 25.04.2018 12:21:46  |  User:   | view/css | response 400
error loadView general | 25.04.2018 12:21:47  |  User:   | view/css | response 400
error loadView general | 25.04.2018 12:28:31  |  User:   | view/css | response 400
error loadView general | 25.04.2018 12:28:31  |  User:   | view/css | response 400
error loadView general | 25.04.2018 12:28:31  |  User:   | view | response 400
error loadView general | 25.04.2018 12:28:32  |  User:   | view/css | response 400
error loadView general | 25.04.2018 12:29:14  |  User:   | view/css | response 400
error loadView general | 25.04.2018 12:29:14  |  User:   | view/css | response 400
error loadView general | 25.04.2018 12:29:14  |  User:   | view | response 400
error loadView general | 25.04.2018 12:29:15  |  User:   | view/css | response 400
error loadView general | 25.04.2018 12:29:32  |  User:   | view/css | response 400
error loadView general | 25.04.2018 12:29:32  |  User:   | view/css | response 400
error loadView general | 25.04.2018 12:29:32  |  User:   | view | response 400
error loadView general | 25.04.2018 12:29:33  |  User:   | view/css | response 400
error loadView general | 25.04.2018 12:32:15  |  User:   | view/css | response 400
error loadView general | 25.04.2018 12:32:15  |  User:   | view/css | response 400
error loadView general | 25.04.2018 12:32:15  |  User:   | view | response 400
error loadView general | 25.04.2018 12:32:16  |  User:   | view/css | response 400
error loadView general | 25.04.2018 12:33:10  |  User:   | view | response 400
error loadView general | 25.04.2018 12:33:10  |  User:   | view/css | response 400
error loadView general | 25.04.2018 12:33:10  |  User:   | view/css | response 400
error loadView general | 25.04.2018 12:33:11  |  User:   | view/css | response 400
error loadView general | 25.04.2018 12:33:33  |  User:   | view/css | response 400
error loadView general | 25.04.2018 12:33:33  |  User:   | view/css | response 400
error loadView general | 25.04.2018 12:33:33  |  User:   | view | response 400
error loadView general | 25.04.2018 12:33:34  |  User:   | view/css | response 400
error loadView general | 25.04.2018 12:33:56  |  User:   | view/css | response 400
error loadView general | 25.04.2018 12:33:56  |  User:   | view | response 400
error loadView general | 25.04.2018 12:33:57  |  User:   | view/css | response 400
error loadView general | 25.04.2018 12:33:57  |  User:   | view/css | response 400
error loadView general | 25.04.2018 12:34:49  |  User:   | view/css | response 400
error loadView general | 25.04.2018 12:34:49  |  User:   | view | response 400
error loadView general | 25.04.2018 12:34:50  |  User:   | view/css | response 400
error loadView general | 25.04.2018 12:34:51  |  User:   | view/css | response 400
error loadView general | 25.04.2018 12:37:13  |  User:   | view | response 400
error loadView general | 25.04.2018 12:37:13  |  User:   | view/css | response 400
error loadView general | 25.04.2018 12:37:14  |  User:   | view/css | response 400
error loadView general | 25.04.2018 12:37:15  |  User:   | view/css | response 400
error loadView general | 25.04.2018 12:37:31  |  User:   | view/css | response 400
error loadView general | 25.04.2018 12:37:31  |  User:   | view | response 400
error loadView general | 25.04.2018 12:37:31  |  User:   | view/css | response 400
error loadView general | 25.04.2018 12:37:32  |  User:   | view/css | response 400
error loadView general | 25.04.2018 12:38:18  |  User:   | view/css | response 400
error loadView general | 25.04.2018 12:38:18  |  User:   | view/css | response 400
error loadView general | 25.04.2018 12:38:18  |  User:   | view | response 400
error loadView general | 25.04.2018 12:38:19  |  User:   | view/css | response 400
error loadView general | 25.04.2018 12:46:00  |  User:   | view/css | response 400
error loadView general | 25.04.2018 12:46:00  |  User:   | view | response 400
error loadView general | 25.04.2018 12:46:00  |  User:   | view/css | response 400
error loadView general | 25.04.2018 12:46:01  |  User:   | view/css | response 400
error loadView general | 25.04.2018 12:47:14  |  User:   | view/css | response 400
error loadView general | 25.04.2018 12:47:14  |  User:   | view | response 400
error loadView general | 25.04.2018 12:47:14  |  User:   | view/css | response 400
error loadView general | 25.04.2018 12:47:15  |  User:   | view/css | response 400
error loadView general | 25.04.2018 12:47:54  |  User:   | view/css | response 400
error loadView general | 25.04.2018 12:47:54  |  User:   | view | response 400
error loadView general | 25.04.2018 12:47:54  |  User:   | view/css | response 400
error loadView general | 25.04.2018 12:47:55  |  User:   | view/css | response 400
error loadView general | 25.04.2018 12:50:13  |  User:   | view/css | response 400
error loadView general | 25.04.2018 12:50:13  |  User:   | view | response 400
error loadView general | 25.04.2018 12:50:13  |  User:   | view/css | response 400
error loadView general | 25.04.2018 12:50:14  |  User:   | view/css | response 400
error loadView general | 25.04.2018 12:51:06  |  User:   | view/css | response 400
error loadView general | 25.04.2018 12:51:07  |  User:   | view | response 400
error loadView general | 25.04.2018 12:51:07  |  User:   | view/css | response 400
error loadView general | 25.04.2018 12:51:08  |  User:   | view/css | response 400
error loadView general | 25.04.2018 12:51:08  |  User:   | view/css | response 400
error loadView general | 25.04.2018 12:51:42  |  User:   | view/css | response 400
error loadView general | 25.04.2018 12:51:42  |  User:   | view/css | response 400
error loadView general | 25.04.2018 12:51:42  |  User:   | view | response 400
error loadView general | 25.04.2018 12:51:43  |  User:   | view/css | response 400
error loadView general | 25.04.2018 12:52:22  |  User:   | view/css | response 400
error loadView general | 25.04.2018 12:52:22  |  User:   | view | response 400
error loadView general | 25.04.2018 12:52:22  |  User:   | view/css | response 400
error loadView general | 25.04.2018 12:52:23  |  User:   | view/css | response 400
error loadView general | 25.04.2018 13:01:20  |  User:   | view/css | response 400
error loadView general | 25.04.2018 13:01:20  |  User:   | view | response 400
error loadView general | 25.04.2018 13:01:20  |  User:   | view/css | response 400
error loadView general | 25.04.2018 13:01:21  |  User:   | view/css | response 400
error loadView general | 25.04.2018 13:01:58  |  User:   | view/css | response 400
error loadView general | 25.04.2018 13:01:58  |  User:   | view | response 400
error loadView general | 25.04.2018 13:01:58  |  User:   | view/css | response 400
error loadView general | 25.04.2018 13:01:59  |  User:   | view/css | response 400
error loadView general | 25.04.2018 13:03:01  |  User:   | view | response 400
error loadView general | 25.04.2018 13:03:01  |  User:   | view/css | response 400
error loadView general | 25.04.2018 13:03:02  |  User:   | view/css | response 400
error loadView general | 25.04.2018 13:03:02  |  User:   | view/css | response 400
error loadView general | 25.04.2018 13:03:25  |  User:   | view/css | response 400
error loadView general | 25.04.2018 13:03:25  |  User:   | view | response 400
error loadView general | 25.04.2018 13:03:25  |  User:   | view/css | response 400
error loadView general | 25.04.2018 13:03:26  |  User:   | view/css | response 400
error loadView general | 25.04.2018 13:14:45  |  User:   | view/css | response 400
error loadView general | 25.04.2018 13:14:45  |  User:   | view/css | response 400
error loadView general | 25.04.2018 13:14:45  |  User:   | view | response 400
error loadView general | 25.04.2018 13:14:46  |  User:   | view/css | response 400
error loadView general | 25.04.2018 13:15:39  |  User:   | view/css | response 400
error loadView general | 25.04.2018 13:15:39  |  User:   | view | response 400
error loadView general | 25.04.2018 13:15:39  |  User:   | view/css | response 400
error loadView general | 25.04.2018 13:15:40  |  User:   | view/css | response 400
error loadView general | 25.04.2018 13:16:22  |  User:   | view/css | response 400
error loadView general | 25.04.2018 13:16:22  |  User:   | view/css | response 400
error loadView general | 25.04.2018 13:16:22  |  User:   | view | response 400
error loadView general | 25.04.2018 13:16:23  |  User:   | view/css | response 400
error loadView general | 25.04.2018 13:16:26  |  User:   | courses/details | response 400
error loadView general | 25.04.2018 13:16:26  |  User:   | courses/details | response 400
error loadView general | 25.04.2018 13:16:26  |  User:   | view/css | response 400
error loadView general | 25.04.2018 13:16:26  |  User:   | courses/details | response 400
error loadView general | 25.04.2018 13:16:26  |  User:   | courses/details | response 400
error loadView general | 25.04.2018 13:16:27  |  User:   | courses/details | response 400
error loadView general | 25.04.2018 13:16:27  |  User:   | view/css | response 400
error loadView general | 25.04.2018 13:16:27  |  User:   | courses/details | response 400
error loadView general | 25.04.2018 13:16:30  |  User:   | view/css | response 400
error loadView general | 25.04.2018 13:16:30  |  User:   | view/css | response 400
error loadView general | 25.04.2018 13:16:30  |  User:   | view | response 400
error loadView general | 25.04.2018 13:16:30  |  User:   | view/css | response 400
error loadView general | 25.04.2018 13:16:37  |  User:   | view/css | response 400
error loadView general | 25.04.2018 13:16:38  |  User:   | media | response 400
error loadView general | 25.04.2018 13:16:46  |  User:   | view/css | response 400
error loadView general | 25.04.2018 13:16:46  |  User:   | view | response 400
error loadView general | 25.04.2018 13:16:47  |  User:   | view/css | response 400
error loadView general | 25.04.2018 13:16:47  |  User:   | view/css | response 400
error loadView general | 25.04.2018 13:16:55  |  User:   | view/css | response 400
error loadView general | 25.04.2018 13:17:01  |  User:   | view/css | response 400
error loadView general | 25.04.2018 13:17:01  |  User:   | view/css | response 400
error loadView general | 25.04.2018 13:17:01  |  User:   | view | response 400
error loadView general | 25.04.2018 13:17:01  |  User:   | view/css | response 400
error loadView general | 25.04.2018 13:17:08  |  User:   | view/css | response 400
error loadView general | 25.04.2018 13:17:12  |  User:   | view/css | response 400
error loadView general | 25.04.2018 13:17:12  |  User:   | view | response 400
error loadView general | 25.04.2018 13:17:13  |  User:   | view/css | response 400
error loadView general | 25.04.2018 13:17:13  |  User:   | view/css | response 400
error loadView general | 25.04.2018 13:17:20  |  User:   | view | response 400
error loadView general | 25.04.2018 13:17:20  |  User:   | view/css | response 400
error loadView general | 25.04.2018 13:17:20  |  User:   | view/css | response 400
error loadView general | 25.04.2018 13:17:21  |  User:   | view/css | response 400
error loadView general | 25.04.2018 13:26:19  |  User:   | view/css | response 400
error loadView general | 25.04.2018 13:26:19  |  User:   | view | response 400
error loadView general | 25.04.2018 13:26:19  |  User:   | view/css | response 400
error loadView general | 25.04.2018 13:26:20  |  User:   | view/css | response 400
error loadView general | 25.04.2018 13:26:26  |  User:   | view/css | response 400
error loadView general | 25.04.2018 13:26:30  |  User:   | view/css | response 400
error loadView general | 25.04.2018 13:26:30  |  User:   | view/css | response 400
error loadView general | 25.04.2018 13:26:30  |  User:   | view | response 400
error loadView general | 25.04.2018 13:26:31  |  User:   | view/css | response 400
error loadView general | 25.04.2018 13:27:28  |  User:   | view/css | response 400
error loadView general | 25.04.2018 13:27:29  |  User:   | view | response 400
error loadView general | 25.04.2018 13:27:29  |  User:   | view/css | response 400
error loadView general | 25.04.2018 13:27:29  |  User:   | view/css | response 400
error loadView general | 25.04.2018 13:27:40  |  User:   | view/css | response 400
error loadView general | 25.04.2018 13:27:48  |  User:   | view/css | response 400
error loadView general | 25.04.2018 13:27:48  |  User:   | view | response 400
error loadView general | 25.04.2018 13:27:48  |  User:   | view/css | response 400
error loadView general | 25.04.2018 13:27:49  |  User:   | view/css | response 400
error loadView general | 25.04.2018 13:27:54  |  User:   | view/css | response 400
error loadView general | 25.04.2018 13:28:08  |  User:   | view/css | response 400
error loadView general | 25.04.2018 13:28:09  |  User:   | view | response 400
error loadView general | 25.04.2018 13:28:09  |  User:   | view/css | response 400
error loadView general | 25.04.2018 13:28:10  |  User:   | view/css | response 400
error loadView general | 25.04.2018 13:34:24  |  User:   | view/css | response 400
error loadView general | 25.04.2018 13:34:24  |  User:   | view | response 400
error loadView general | 25.04.2018 13:34:24  |  User:   | view/css | response 400
error loadView general | 25.04.2018 13:34:25  |  User:   | view/css | response 400
error loadView general | 25.04.2018 13:36:47  |  User:   | view/css | response 400
error loadView general | 25.04.2018 13:36:47  |  User:   | view | response 400
error loadView general | 25.04.2018 13:36:47  |  User:   | view/css | response 400
error loadView general | 25.04.2018 13:36:48  |  User:   | view/css | response 400
error loadView general | 25.04.2018 13:37:17  |  User:   | view/css | response 400
error loadView general | 25.04.2018 13:37:18  |  User:   | media | response 400
error loadView general | 25.04.2018 13:37:30  |  User:   | view/css | response 400
error loadView general | 25.04.2018 13:38:44  |  User:   | view/css | response 400
error loadView general | 25.04.2018 13:39:09  |  User:   | view/css | response 400
error loadView general | 25.04.2018 13:39:36  |  User:   | view/css | response 400
error loadView general | 25.04.2018 13:39:37  |  User:   | view/css | response 400
error loadView general | 25.04.2018 13:39:37  |  User:   | view | response 400
error loadView general | 25.04.2018 13:39:38  |  User:   | view/css | response 400
error loadView general | 25.04.2018 13:40:21  |  User:   | view/css | response 400
error loadView general | 25.04.2018 13:40:21  |  User:   | view | response 400
error loadView general | 25.04.2018 13:40:21  |  User:   | view/css | response 400
error loadView general | 25.04.2018 13:40:22  |  User:   | view/css | response 400
