24/04/18 12:47:10 PM | ERROR: [8] Use of undefined constant IMG_RURAL_SHOP - assumed 'IMG_RURAL_SHOP'
Notice on line 27 in file /opt/lampp/htdocs/Proyectos/GiovannyProy4/classes/email/email.class.singleton.php
 | contact | response 200
24/04/18 16:36:41 PM | error loadView general | view/css | response 400
24/04/18 16:36:41 PM | error loadView general | view | response 400
24/04/18 16:36:41 PM | error loadView general | view/css | response 400
24/04/18 16:36:42 PM | error loadView general | view/css | response 400
24/04/18 16:36:44 PM | error loadView general | courses | response 4
24/04/18 16:37:47 PM | error loadView general | courses | response 4
24/04/18 16:37:50 PM | error loadView general | view/css | response 400
24/04/18 16:37:50 PM | error loadView general | view/css | response 400
24/04/18 16:37:50 PM | error loadView general | view | response 400
24/04/18 16:37:50 PM | error loadView general | view/css | response 400
24/04/18 16:37:51 PM | error loadView general | view/css | response 400
24/04/18 16:37:53 PM | error loadView general | courses | response 4
24/04/18 16:41:21 PM | error loadView general | view/css | response 400
24/04/18 16:41:21 PM | error loadView general | view | response 400
24/04/18 16:41:21 PM | error loadView general | view/css | response 400
24/04/18 16:41:22 PM | error loadView general | view/css | response 400
24/04/18 16:41:24 PM | error loadView general | view/css | response 400
24/04/18 16:41:24 PM | error loadView general | view | response 400
24/04/18 16:41:24 PM | error loadView general | view/css | response 400
24/04/18 16:41:25 PM | error loadView general | view/css | response 400
24/04/18 16:41:25 PM | error loadView general | view/css | response 400
24/04/18 16:41:28 PM | error loadView general | courses | response 4
24/04/18 16:44:25 PM | error loadView general | view/css | response 400
24/04/18 16:44:26 PM | error loadView general | view | response 400
24/04/18 16:44:26 PM | error loadView general | view/css | response 400
24/04/18 16:44:26 PM | error loadView general | view/css | response 400
24/04/18 16:44:26 PM | error loadView general | view/css | response 400
24/04/18 16:44:29 PM | error loadView general | courses | response 4
24/04/18 16:48:22 PM | error loadView general | courses | response 4
24/04/18 16:50:53 PM | error loadView general | view/css | response 400
24/04/18 16:50:53 PM | error loadView general | view | response 400
24/04/18 16:50:53 PM | error loadView general | view/css | response 400
24/04/18 16:50:53 PM | error loadView general | view/css | response 400
24/04/18 16:50:53 PM | error loadView general | view/css | response 400
24/04/18 16:50:56 PM | error loadView general | courses | response 4
24/04/18 16:51:11 PM | error loadView general | courses | response 4
24/04/18 16:52:39 PM | error loadView general | view/css | response 400
24/04/18 16:52:39 PM | error loadView general | view | response 400
24/04/18 16:52:39 PM | error loadView general | view/css | response 400
24/04/18 16:52:40 PM | error loadView general | view/css | response 400
24/04/18 16:52:40 PM | error loadView general | view/css | response 400
24/04/18 16:52:43 PM | error loadView general | courses | response 4
24/04/18 16:53:39 PM | error loadView general | courses | response 4
24/04/18 16:54:18 PM | error loadView general | courses | response 4
24/04/18 16:54:29 PM | error loadView general | courses | response 4
24/04/18 16:55:42 PM | error loadView general | courses | response 200
24/04/18 16:55:43 PM | error loadView general | view/css | response 400
24/04/18 16:55:43 PM | error loadView general | view/css | response 400
24/04/18 16:56:00 PM | error loadView general | courses | response 200
24/04/18 16:56:01 PM | error loadView general | view/css | response 400
24/04/18 16:56:01 PM | error loadView general | view/css | response 400
24/04/18 16:56:03 PM | error loadView general | courses | response 200
24/04/18 16:56:04 PM | error loadView general | view/css | response 400
24/04/18 16:56:07 PM | error loadView general | courses | response 200
24/04/18 16:58:47 PM | error loadView general | courses | response 200
24/04/18 16:58:49 PM | error loadView general | view/css | response 400
24/04/18 16:58:50 PM | error loadView general | courses | response 200
24/04/18 16:59:50 PM | error loadView general | view/css | response 400
24/04/18 16:59:51 PM | error loadView general | view/css | response 400
24/04/18 16:59:51 PM | error loadView general | media | response 400
24/04/18 17:01:40 PM | error loadView general | view/css | response 400
24/04/18 17:01:41 PM | error loadView general | view/css | response 400
24/04/18 17:01:41 PM | error loadView general | media | response 400
24/04/18 17:01:43 PM | error loadView general | view/css | response 400
24/04/18 17:01:44 PM | error loadView general | media | response 400
24/04/18 17:01:44 PM | error loadView general | view/css | response 400
24/04/18 17:01:50 PM | error loadView general | view/css | response 400
24/04/18 17:01:50 PM | error loadView general | courses | response 400
24/04/18 17:01:50 PM | error loadView general | view/css | response 400
24/04/18 17:01:59 PM | error loadView general | view/css | response 400
24/04/18 17:01:59 PM | error loadView general | media | response 400
24/04/18 17:02:03 PM | error loadView general | courses/details | response 400
24/04/18 17:02:03 PM | error loadView general | courses/details | response 400
24/04/18 17:02:04 PM | error loadView general | courses/details | response 400
24/04/18 17:02:04 PM | error loadView general | courses/details | response 400
24/04/18 17:02:04 PM | error loadView general | view/css | response 400
24/04/18 17:02:04 PM | error loadView general | view/css | response 400
24/04/18 17:02:04 PM | error loadView general | courses/details | response 400
24/04/18 17:02:04 PM | error loadView general | courses/details | response 400
24/04/18 17:02:13 PM | error loadView general | view/css | response 400
24/04/18 17:02:13 PM | error loadView general | media | response 400
24/04/18 17:02:31 PM | error loadView general | view/css | response 400
24/04/18 17:02:32 PM | error loadView general | view/css | response 400
24/04/18 17:02:32 PM | error loadView general | media | response 400
24/04/18 17:04:12 PM | error loadView general | view/css | response 400
24/04/18 17:04:13 PM | error loadView general | view/css | response 400
24/04/18 17:04:13 PM | error loadView general | media | response 400
24/04/18 17:04:16 PM | error loadView general | view/css | response 400
24/04/18 17:05:38 PM | error loadView general | view/css | response 400
24/04/18 17:05:39 PM | error loadView general | view/css | response 400
24/04/18 17:05:43 PM | error loadView general | view/css | response 400
24/04/18 17:05:43 PM | error loadView general | view | response 400
24/04/18 17:05:43 PM | error loadView general | view/css | response 400
24/04/18 17:05:44 PM | error loadView general | view/css | response 400
24/04/18 17:06:49 PM | error loadView general | courses/details | response 400
24/04/18 17:06:49 PM | error loadView general | courses/details | response 400
24/04/18 17:06:50 PM | error loadView general | courses/details | response 400
24/04/18 17:06:50 PM | error loadView general | view/css | response 400
24/04/18 17:06:50 PM | error loadView general | courses/details | response 400
24/04/18 17:06:54 PM | error loadView general | view/css | response 400
24/04/18 17:06:55 PM | error loadView general | view | response 400
24/04/18 17:06:55 PM | error loadView general | view/css | response 400
24/04/18 17:06:55 PM | error loadView general | view/css | response 400
24/04/18 17:06:55 PM | error loadView general | view/css | response 400
24/04/18 17:07:01 PM | error loadView general | view/css | response 400
24/04/18 17:07:02 PM | error loadView general | view/css | response 400
24/04/18 17:07:02 PM | error loadView general | media | response 400
24/04/18 17:07:06 PM | error loadView general | view/css | response 400
24/04/18 17:07:06 PM | error loadView general | view | response 400
24/04/18 17:07:06 PM | error loadView general | view/css | response 400
24/04/18 17:07:06 PM | error loadView general | view/css | response 400
24/04/18 17:07:07 PM | error loadView general | view/css | response 400
24/04/18 17:07:11 PM | error loadView general | view/css | response 400
24/04/18 17:07:12 PM | error loadView general | view/css | response 400
24/04/18 17:07:12 PM | error loadView general | media | response 400
24/04/18 17:07:16 PM | error loadView general | view/css | response 400
24/04/18 17:07:16 PM | error loadView general | view | response 400
24/04/18 17:07:16 PM | error loadView general | view/css | response 400
24/04/18 17:07:17 PM | error loadView general | view/css | response 400
24/04/18 17:07:17 PM | error loadView general | view/css | response 400
24/04/18 17:07:26 PM | error loadView general | view/css | response 400
24/04/18 17:07:26 PM | error loadView general | view/css | response 400
24/04/18 17:07:26 PM | error loadView general | media | response 400
24/04/18 17:07:31 PM | error loadView general | view/css | response 400
24/04/18 17:07:31 PM | error loadView general | view | response 400
24/04/18 17:07:32 PM | error loadView general | view/css | response 400
24/04/18 17:07:32 PM | error loadView general | view/css | response 400
24/04/18 17:07:35 PM | error loadView general | view/css | response 400
24/04/18 17:07:35 PM | error loadView general | view | response 400
24/04/18 17:07:35 PM | error loadView general | view/css | response 400
24/04/18 17:07:35 PM | error loadView general | view/css | response 400
24/04/18 17:07:36 PM | error loadView general | view/css | response 400
24/04/18 17:07:40 PM | error loadView general | view/css | response 400
24/04/18 17:07:40 PM | error loadView general | media | response 400
24/04/18 17:07:40 PM | error loadView general | view/css | response 400
24/04/18 17:07:43 PM | error loadView general | media | response 400
24/04/18 17:07:47 PM | error loadView general | media | response 400
24/04/18 17:07:50 PM | error loadView general | view/css | response 400
24/04/18 17:07:50 PM | error loadView general | view | response 400
24/04/18 17:07:50 PM | error loadView general | view/css | response 400
24/04/18 17:07:50 PM | error loadView general | view/css | response 400
24/04/18 17:07:51 PM | error loadView general | view/css | response 400
24/04/18 17:07:58 PM | error loadView general | view/css | response 400
24/04/18 17:07:58 PM | error loadView general | view/css | response 400
24/04/18 17:07:58 PM | error loadView general | media | response 400
24/04/18 17:08:17 PM | error loadView general | view/css | response 400
24/04/18 17:08:18 PM | error loadView general | view | response 400
24/04/18 17:08:18 PM | error loadView general | view/css | response 400
24/04/18 17:08:18 PM | error loadView general | view/css | response 400
24/04/18 17:08:18 PM | error loadView general | view/css | response 400
24/04/18 17:08:26 PM | error loadView general | view/css | response 400
24/04/18 17:08:26 PM | error loadView general | media | response 400
24/04/18 17:08:29 PM | error loadView general | view/css | response 400
24/04/18 17:08:29 PM | error loadView general | view | response 400
24/04/18 17:08:29 PM | error loadView general | view/css | response 400
24/04/18 17:08:30 PM | error loadView general | view/css | response 400
24/04/18 17:09:53 PM | error loadView general | view/css | response 400
24/04/18 17:09:53 PM | error loadView general | view | response 400
24/04/18 17:09:53 PM | error loadView general | view/css | response 400
24/04/18 17:09:53 PM | error loadView general | view/css | response 400
24/04/18 17:11:59 PM | error loadView general | view/css | response 400
24/04/18 17:11:59 PM | error loadView general | view | response 400
24/04/18 17:11:59 PM | error loadView general | view/css | response 400
24/04/18 17:12:00 PM | error loadView general | view/css | response 400
24/04/18 17:12:03 PM | error loadView general | view/css | response 400
24/04/18 21:48:48 PM | error loadView general | view/css | response 400
24/04/18 21:48:49 PM | error loadView general | view/css | response 400
24/04/18 21:52:32 PM | error loadView general | view/css | response 400
24/04/18 21:52:32 PM | error loadView general | view | response 400
24/04/18 21:52:32 PM | error loadView general | view/css | response 400
24/04/18 21:52:32 PM | error loadView general | view/css | response 400
24/04/18 21:52:33 PM | error loadView general | view/css | response 400
24/04/18 21:52:38 PM | error loadView general | view/css | response 400
24/04/18 21:52:38 PM | error loadView general | view/css | response 400
24/04/18 21:53:33 PM | error loadView general | media | response 400
24/04/18 21:53:42 PM | error loadView general | media | response 400
24/04/18 21:53:52 PM | error loadView general | media | response 400
24/04/18 21:54:01 PM | error loadView general | view/css | response 400
24/04/18 21:54:01 PM | error loadView general | view | response 400
24/04/18 21:54:01 PM | error loadView general | view/css | response 400
24/04/18 21:54:02 PM | error loadView general | view/css | response 400
24/04/18 21:56:14 PM | error loadView general | view/css | response 400
24/04/18 21:56:17 PM | error loadView general | view/css | response 400
24/04/18 21:56:17 PM | error loadView general | view | response 400
24/04/18 21:56:17 PM | error loadView general | view/css | response 400
24/04/18 21:56:17 PM | error loadView general | view/css | response 400
24/04/18 21:56:21 PM | error loadView general | view/css | response 400
24/04/18 21:56:21 PM | error loadView general | media | response 400
24/04/18 23:15:40 PM | error loadView general | view/css | response 400
24/04/18 23:15:40 PM | error loadView general | view/css | response 400
24/04/18 23:15:40 PM | error loadView general | media | response 400
24/04/18 23:16:47 PM | error loadView general | view/css | response 400
24/04/18 23:16:47 PM | error loadView general | view/css | response 400
24/04/18 23:16:47 PM | error loadView general | media | response 400
24/04/18 23:19:45 PM | error loadView general | view/css | response 400
24/04/18 23:19:46 PM | error loadView general | view/css | response 400
24/04/18 23:19:47 PM | error loadView general | media | response 400
24/04/18 23:21:04 PM | error loadView general | view/css | response 400
24/04/18 23:21:04 PM | error loadView general | media | response 400
24/04/18 23:21:05 PM | error loadView general | view/css | response 400
24/04/18 23:23:51 PM | error loadView general | view/css | response 400
24/04/18 23:23:52 PM | error loadView general | media | response 400
24/04/18 23:23:55 PM | error loadView general | view | response 400
24/04/18 23:26:02 PM | error loadView general | view/css | response 400
24/04/18 23:26:03 PM | error loadView general | view/css | response 400
24/04/18 23:26:03 PM | error loadView general | media | response 400
24/04/18 23:26:07 PM | error loadView general | view | response 400
24/04/18 23:26:20 PM | error loadView general | view/css | response 400
24/04/18 23:26:21 PM | error loadView general | media | response 400
24/04/18 23:26:26 PM | error loadView general | view | response 400
24/04/18 23:27:14 PM | error loadView general | view/css | response 400
24/04/18 23:27:14 PM | error loadView general | view/css | response 400
24/04/18 23:27:15 PM | error loadView general | media | response 400
24/04/18 23:27:18 PM | error loadView general | view | response 400
24/04/18 23:27:31 PM | error loadView general | view/css | response 400
24/04/18 23:27:31 PM | error loadView general | view/css | response 400
24/04/18 23:27:31 PM | error loadView general | media | response 400
24/04/18 23:27:36 PM | error loadView general | view | response 400
24/04/18 23:29:00 PM | error loadView general | view/css | response 400
24/04/18 23:29:00 PM | error loadView general | view/css | response 400
24/04/18 23:29:00 PM | error loadView general | media | response 400
24/04/18 23:29:03 PM | error loadView general | view | response 400
24/04/18 23:29:17 PM | error loadView general | view/css | response 400
24/04/18 23:29:18 PM | error loadView general | media | response 400
24/04/18 23:29:18 PM | error loadView general | view/css | response 400
24/04/18 23:29:21 PM | error loadView general | view | response 400
24/04/18 23:32:25 PM | error loadView general | view/css | response 400
24/04/18 23:32:26 PM | error loadView general | media | response 400
24/04/18 23:32:26 PM | error loadView general | view/css | response 400
24/04/18 23:32:29 PM | error loadView general | view | response 400
24/04/18 23:33:03 PM | error loadView general | view/css | response 400
24/04/18 23:33:04 PM | error loadView general | view/css | response 400
24/04/18 23:33:04 PM | error loadView general | media | response 400
24/04/18 23:33:06 PM | error loadView general | view | response 400
24/04/18 23:33:58 PM | error loadView general | view/css | response 400
24/04/18 23:33:58 PM | error loadView general | media | response 400
24/04/18 23:33:58 PM | error loadView general | view/css | response 400
24/04/18 23:34:02 PM | error loadView general | view | response 400
24/04/18 23:34:30 PM | error loadView general | view/css | response 400
24/04/18 23:34:30 PM | error loadView general | view/css | response 400
24/04/18 23:34:31 PM | error loadView general | media | response 400
24/04/18 23:34:33 PM | error loadView general | view | response 400
24/04/18 23:34:52 PM | error loadView general | view/css | response 400
24/04/18 23:34:53 PM | error loadView general | media | response 400
24/04/18 23:34:53 PM | error loadView general | view/css | response 400
24/04/18 23:34:56 PM | error loadView general | view | response 400
24/04/18 23:35:19 PM | error loadView general | view/css | response 400
24/04/18 23:35:20 PM | error loadView general | media | response 400
24/04/18 23:35:20 PM | error loadView general | view/css | response 400
24/04/18 23:35:22 PM | error loadView general | view | response 400
24/04/18 23:35:47 PM | error loadView general | view/css | response 400
24/04/18 23:35:47 PM | error loadView general | view/css | response 400
24/04/18 23:35:47 PM | error loadView general | media | response 400
24/04/18 23:35:50 PM | error loadView general | view | response 400
24/04/18 23:36:17 PM | error loadView general | view/css | response 400
24/04/18 23:36:17 PM | error loadView general | media | response 400
24/04/18 23:36:17 PM | error loadView general | view/css | response 400
24/04/18 23:36:21 PM | error loadView general | view | response 400
24/04/18 23:36:56 PM | error loadView general | view/css | response 400
24/04/18 23:36:56 PM | error loadView general | media | response 400
24/04/18 23:36:56 PM | error loadView general | view/css | response 400
24/04/18 23:37:00 PM | error loadView general | view | response 400
24/04/18 23:37:14 PM | error loadView general | view/css | response 400
24/04/18 23:37:15 PM | error loadView general | media | response 400
24/04/18 23:37:18 PM | error loadView general | view | response 400
24/04/18 23:37:55 PM | error loadView general | view/css | response 400
24/04/18 23:37:55 PM | error loadView general | view/css | response 400
24/04/18 23:37:55 PM | error loadView general | media | response 400
24/04/18 23:37:58 PM | error loadView general | view | response 400
24/04/18 23:40:17 PM | error loadView general | view/css | response 400
24/04/18 23:40:17 PM | error loadView general | media | response 400
24/04/18 23:40:20 PM | error loadView general | view | response 400
24/04/18 23:59:49 PM | error loadView general | view/css | response 400
24/04/18 23:59:49 PM | error loadView general | media | response 400
24/04/18 23:59:49 PM | error loadView general | view/css | response 400
24/04/18 23:59:52 PM | error loadView general | view | response 400
25/04/18 00:08:00 AM | error loadView general | view/css | response 400
25/04/18 00:08:00 AM | error loadView general | view/css | response 400
25/04/18 00:08:00 AM | error loadView general | media | response 400
25/04/18 00:08:03 AM | error loadView general | view | response 400
25/04/18 00:10:29 AM | error loadView general | view/css | response 400
25/04/18 00:10:30 AM | error loadView general | media | response 400
25/04/18 00:10:30 AM | error loadView general | view/css | response 400
25/04/18 00:10:33 AM | error loadView general | view | response 400
25/04/18 00:11:16 AM | error loadView general | view/css | response 400
25/04/18 00:11:17 AM | error loadView general | media | response 400
25/04/18 00:11:17 AM | error loadView general | view/css | response 400
25/04/18 00:11:20 AM | error loadView general | view | response 400
25/04/18 00:11:35 AM | error loadView general | view/css | response 400
25/04/18 00:11:35 AM | error loadView general | view/css | response 400
25/04/18 00:11:35 AM | error loadView general | media | response 400
25/04/18 00:11:39 AM | error loadView general | view | response 400
25/04/18 00:18:23 AM | error loadView general | view/css | response 400
25/04/18 00:18:23 AM | error loadView general | media | response 400
25/04/18 00:18:24 AM | error loadView general | view/css | response 400
25/04/18 00:19:33 AM | error loadView general | view/css | response 400
25/04/18 00:19:34 AM | error loadView general | media | response 400
25/04/18 00:21:05 AM | error loadView general | view/css | response 400
25/04/18 00:21:06 AM | error loadView general | view/css | response 400
25/04/18 00:21:06 AM | error loadView general | media | response 400
25/04/18 00:22:13 AM | error loadView general | view/css | response 400
25/04/18 00:22:14 AM | error loadView general | view/css | response 400
25/04/18 00:22:14 AM | error loadView general | media | response 400
25/04/18 00:22:53 AM | error loadView general | view/css | response 400
25/04/18 00:22:53 AM | error loadView general | view/css | response 400
25/04/18 00:22:53 AM | error loadView general | media | response 400
25/04/18 00:23:23 AM | error loadView general | view/css | response 400
25/04/18 00:23:24 AM | error loadView general | view/css | response 400
25/04/18 00:23:24 AM | error loadView general | media | response 400
25/04/18 00:28:28 AM | error loadView general | view/css | response 400
25/04/18 00:28:29 AM | error loadView general | media | response 400
25/04/18 00:28:29 AM | error loadView general | view/css | response 400
25/04/18 00:30:02 AM | error loadView general | view/css | response 400
25/04/18 00:30:03 AM | error loadView general | view/css | response 400
25/04/18 00:30:03 AM | error loadView general | media | response 400
25/04/18 00:31:09 AM | error loadView general | view/css | response 400
25/04/18 00:31:09 AM | error loadView general | media | response 400
25/04/18 00:31:33 AM | error loadView general | view/css | response 400
25/04/18 00:31:34 AM | error loadView general | view/css | response 400
25/04/18 00:31:34 AM | error loadView general | media | response 400
25/04/18 00:32:21 AM | error loadView general | view/css | response 400
25/04/18 00:32:21 AM | error loadView general | media | response 400
25/04/18 00:33:07 AM | error loadView general | view/css | response 400
25/04/18 00:33:07 AM | error loadView general | view/css | response 400
25/04/18 00:33:07 AM | error loadView general | media | response 400
25/04/18 00:33:36 AM | error loadView general | view/css | response 400
25/04/18 00:33:37 AM | error loadView general | media | response 400
25/04/18 00:33:37 AM | error loadView general | view/css | response 400
25/04/18 00:33:56 AM | error loadView general | view/css | response 400
25/04/18 00:33:56 AM | error loadView general | media | response 400
25/04/18 00:33:56 AM | error loadView general | view/css | response 400
25/04/18 00:34:26 AM | error loadView general | view/css | response 400
25/04/18 00:34:27 AM | error loadView general | view/css | response 400
25/04/18 00:34:27 AM | error loadView general | media | response 400
25/04/18 00:34:39 AM | error loadView general | view/css | response 400
25/04/18 00:34:40 AM | error loadView general | media | response 400
25/04/18 00:34:40 AM | error loadView general | view/css | response 400
25/04/18 00:35:10 AM | error loadView general | view/css | response 400
25/04/18 00:35:10 AM | error loadView general | media | response 400
25/04/18 00:35:10 AM | error loadView general | view/css | response 400
25/04/18 00:37:25 AM | error loadView general | view/css | response 400
25/04/18 00:37:25 AM | error loadView general | view/css | response 400
25/04/18 00:37:25 AM | error loadView general | media | response 400
25/04/18 00:39:25 AM | error loadView general | view/css | response 400
25/04/18 00:39:26 AM | error loadView general | view/css | response 400
25/04/18 00:39:26 AM | error loadView general | media | response 400
25/04/18 00:39:35 AM | error loadView general | view/css | response 400
25/04/18 00:39:35 AM | error loadView general | view/css | response 400
25/04/18 00:39:36 AM | error loadView general | media | response 400
25/04/18 00:47:56 AM | error loadView general | view/css | response 400
25/04/18 00:47:57 AM | error loadView general | view/css | response 400
25/04/18 00:47:57 AM | error loadView general | media | response 400
25/04/18 00:48:20 AM | error loadView general | view/css | response 400
25/04/18 00:48:21 AM | error loadView general | view/css | response 400
25/04/18 00:48:21 AM | error loadView general | media | response 400
25/04/18 00:48:57 AM | error loadView general | view/css | response 400
25/04/18 00:48:58 AM | error loadView general | view/css | response 400
25/04/18 00:48:58 AM | error loadView general | media | response 400
25/04/18 00:49:52 AM | error loadView general | view/css | response 400
25/04/18 00:49:53 AM | error loadView general | view/css | response 400
25/04/18 00:49:53 AM | error loadView general | media | response 400
25/04/18 00:51:12 AM | error loadView general | view/css | response 400
25/04/18 00:51:12 AM | error loadView general | view/css | response 400
25/04/18 00:51:12 AM | error loadView general | media | response 400
25/04/18 00:51:49 AM | error loadView general | view/css | response 400
25/04/18 00:51:49 AM | error loadView general | media | response 400
25/04/18 00:51:49 AM | error loadView general | view/css | response 400
25/04/18 00:53:16 AM | error loadView general | view/css | response 400
25/04/18 00:53:17 AM | error loadView general | media | response 400
25/04/18 00:53:17 AM | error loadView general | view/css | response 400
25/04/18 00:53:54 AM | error loadView general | view/css | response 400
25/04/18 00:53:54 AM | error loadView general | media | response 400
25/04/18 00:53:54 AM | error loadView general | view/css | response 400
25/04/18 00:54:19 AM | error loadView general | view/css | response 400
25/04/18 00:54:20 AM | error loadView general | view/css | response 400
25/04/18 00:54:20 AM | error loadView general | media | response 400
25/04/18 00:55:15 AM | error loadView general | view/css | response 400
25/04/18 00:55:15 AM | error loadView general | media | response 400
25/04/18 00:55:15 AM | error loadView general | view/css | response 400
25/04/18 00:55:47 AM | error loadView general | view/css | response 400
25/04/18 00:55:48 AM | error loadView general | view/css | response 400
25/04/18 00:55:48 AM | error loadView general | media | response 400
25/04/18 00:56:10 AM | error loadView general | view/css | response 400
25/04/18 00:56:10 AM | error loadView general | view/css | response 400
25/04/18 00:56:10 AM | error loadView general | media | response 400
25/04/18 00:57:56 AM | error loadView general | view/css | response 400
25/04/18 00:57:56 AM | error loadView general | media | response 400
25/04/18 00:57:56 AM | error loadView general | view/css | response 400
25/04/18 00:58:06 AM | error loadView general | view/css | response 400
25/04/18 00:58:07 AM | error loadView general | media | response 400
25/04/18 00:58:37 AM | error loadView general | view/css | response 400
25/04/18 00:58:37 AM | error loadView general | view/css | response 400
25/04/18 00:58:37 AM | error loadView general | media | response 400
25/04/18 00:58:53 AM | error loadView general | view/css | response 400
25/04/18 00:58:53 AM | error loadView general | media | response 400
25/04/18 00:59:25 AM | error loadView general | view/css | response 400
25/04/18 00:59:26 AM | error loadView general | media | response 400
25/04/18 00:59:26 AM | error loadView general | view/css | response 400
25/04/18 00:59:38 AM | error loadView general | view/css | response 400
25/04/18 00:59:39 AM | error loadView general | view/css | response 400
25/04/18 00:59:39 AM | error loadView general | media | response 400
25/04/18 00:59:58 AM | error loadView general | view/css | response 400
25/04/18 00:59:58 AM | error loadView general | media | response 400
25/04/18 00:59:58 AM | error loadView general | view/css | response 400
25/04/18 01:00:47 AM | error loadView general | view/css | response 400
25/04/18 01:00:48 AM | error loadView general | media | response 400
25/04/18 01:00:48 AM | error loadView general | view/css | response 400
25/04/18 01:01:15 AM | error loadView general | view/css | response 400
25/04/18 01:01:15 AM | error loadView general | media | response 400
25/04/18 01:01:15 AM | error loadView general | view/css | response 400
25/04/18 01:26:23 AM | error loadView general | view/css | response 400
25/04/18 01:26:24 AM | error loadView general | view/css | response 400
25/04/18 01:26:24 AM | error loadView general | media | response 400
25/04/18 01:26:51 AM | error loadView general | view/css | response 400
25/04/18 01:26:51 AM | error loadView general | media | response 400
25/04/18 01:26:57 AM | error loadView general | view/css | response 400
25/04/18 01:27:05 AM | error loadView general | view/css | response 400
25/04/18 01:27:05 AM | error loadView general | media | response 400
25/04/18 01:27:09 AM | error loadView general | view/css | response 400
25/04/18 01:27:09 AM | error loadView general | courses | response 400
25/04/18 01:27:12 AM | error loadView general | view/css | response 400
25/04/18 01:27:12 AM | error loadView general | media | response 400
25/04/18 01:27:18 AM | error loadView general | view/css | response 400
25/04/18 01:27:19 AM | error loadView general | media | response 400
25/04/18 01:27:25 AM | error loadView general | view/css | response 400
25/04/18 01:27:25 AM | error loadView general | media | response 400
25/04/18 01:27:59 AM | error loadView general | view/css | response 400
25/04/18 01:28:00 AM | error loadView general | media | response 400
25/04/18 01:33:57 AM | error loadView general | view/css | response 400
25/04/18 01:33:58 AM | error loadView general | view/css | response 400
25/04/18 01:33:58 AM | error loadView general | media | response 400
25/04/18 01:35:35 AM | error loadView general | view/css | response 400
25/04/18 01:35:36 AM | error loadView general | view/css | response 400
25/04/18 01:35:36 AM | error loadView general | media | response 400
25/04/18 01:35:39 AM | error loadView general | module/profile | response 400
25/04/18 01:35:42 AM | error loadView general | view/css | response 400
25/04/18 01:35:43 AM | error loadView general | media | response 400
25/04/18 01:35:58 AM | error loadView general | module/profile | response 400
25/04/18 01:37:34 AM | error loadView general | view/css | response 400
25/04/18 01:37:35 AM | error loadView general | media | response 400
25/04/18 01:43:34 AM | error loadView general | view/css | response 400
25/04/18 01:43:34 AM | error loadView general | view/css | response 400
25/04/18 01:43:34 AM | error loadView general | media | response 400
25/04/18 01:51:05 AM | error loadView general | view/css | response 400
25/04/18 01:51:06 AM | error loadView general | courses/list_courses/view/dropzone | response 400
25/04/18 01:51:06 AM | error loadView general | media | response 400
25/04/18 01:52:15 AM | error loadView general | view/css | response 400
25/04/18 01:52:15 AM | error loadView general | view/css | response 400
25/04/18 01:52:16 AM | error loadView general | courses/list_courses/view/dropzone | response 400
25/04/18 01:52:16 AM | error loadView general | media | response 400
25/04/18 01:52:29 AM | error loadView general | view/css | response 400
25/04/18 01:52:29 AM | error loadView general | media | response 400
25/04/18 01:52:30 AM | error loadView general | view/css | response 400
25/04/18 01:52:30 AM | error loadView general | media | response 400
25/04/18 01:52:31 AM | error loadView general | view/css | response 400
25/04/18 01:52:31 AM | error loadView general | media | response 400
25/04/18 01:52:32 AM | error loadView general | view/css | response 400
25/04/18 01:52:32 AM | error loadView general | media | response 400
25/04/18 01:52:32 AM | error loadView general | view/css | response 400
25/04/18 01:52:33 AM | error loadView general | media | response 400
25/04/18 01:52:34 AM | error loadView general | view/css | response 400
25/04/18 01:52:34 AM | error loadView general | media | response 400
25/04/18 01:52:35 AM | error loadView general | view/css | response 400
25/04/18 01:52:35 AM | error loadView general | media | response 400
25/04/18 01:52:36 AM | error loadView general | view/css | response 400
25/04/18 01:52:36 AM | error loadView general | media | response 400
25/04/18 01:52:37 AM | error loadView general | view/css | response 400
25/04/18 01:52:38 AM | error loadView general | media | response 400
25/04/18 01:52:38 AM | error loadView general | view/css | response 400
25/04/18 01:52:38 AM | error loadView general | media | response 400
25/04/18 01:52:39 AM | error loadView general | view/css | response 400
25/04/18 01:52:39 AM | error loadView general | media | response 400
25/04/18 01:52:40 AM | error loadView general | view/css | response 400
25/04/18 01:52:40 AM | error loadView general | media | response 400
25/04/18 01:52:41 AM | error loadView general | view/css | response 400
25/04/18 01:52:41 AM | error loadView general | media | response 400
25/04/18 01:52:42 AM | error loadView general | view/css | response 400
25/04/18 01:52:42 AM | error loadView general | media | response 400
25/04/18 01:52:42 AM | error loadView general | view/css | response 400
25/04/18 01:52:42 AM | error loadView general | media | response 400
25/04/18 01:52:43 AM | error loadView general | view/css | response 400
25/04/18 01:52:44 AM | error loadView general | media | response 400
25/04/18 01:52:44 AM | error loadView general | view/css | response 400
25/04/18 01:52:45 AM | error loadView general | media | response 400
25/04/18 01:52:45 AM | error loadView general | view/css | response 400
25/04/18 01:52:46 AM | error loadView general | media | response 400
25/04/18 01:52:46 AM | error loadView general | view/css | response 400
25/04/18 01:52:46 AM | error loadView general | media | response 400
25/04/18 01:52:47 AM | error loadView general | view/css | response 400
25/04/18 01:52:47 AM | error loadView general | media | response 400
25/04/18 01:52:48 AM | error loadView general | view/css | response 400
25/04/18 01:52:48 AM | error loadView general | media | response 400
25/04/18 01:52:49 AM | error loadView general | view/css | response 400
25/04/18 01:52:49 AM | error loadView general | media | response 400
25/04/18 01:52:50 AM | error loadView general | view/css | response 400
25/04/18 01:52:50 AM | error loadView general | media | response 400
25/04/18 01:52:50 AM | error loadView general | courses/list_courses/view/dropzone | response 400
25/04/18 01:52:55 AM | error loadView general | view/css | response 400
25/04/18 01:52:55 AM | error loadView general | view/css | response 400
25/04/18 01:52:56 AM | error loadView general | media | response 400
25/04/18 01:52:56 AM | error loadView general | courses/list_courses/view/dropzone | response 400
25/04/18 01:53:00 AM | error loadView general | view/css | response 400
25/04/18 01:53:00 AM | error loadView general | view/css | response 400
25/04/18 01:53:00 AM | error loadView general | view | response 400
25/04/18 01:53:01 AM | error loadView general | view/css | response 400
25/04/18 01:53:01 AM | error loadView general | homepage/homepage/view/dropzone | response 400
25/04/18 01:53:31 AM | error loadView general | view/css | response 400
25/04/18 01:53:31 AM | error loadView general | view | response 400
25/04/18 01:53:32 AM | error loadView general | view/css | response 400
25/04/18 01:53:33 AM | error loadView general | view/css | response 400
25/04/18 01:53:40 AM | error loadView general | view/css | response 400
25/04/18 01:53:40 AM | error loadView general | media | response 400
25/04/18 01:54:41 AM | error loadView general | view/css | response 400
25/04/18 01:54:42 AM | error loadView general | media | response 400
25/04/18 01:54:51 AM | error loadView general | view/css | response 400
25/04/18 01:54:52 AM | error loadView general | view | response 400
25/04/18 01:54:52 AM | error loadView general | view/css | response 400
25/04/18 01:54:52 AM | error loadView general | view/css | response 400
25/04/18 02:00:18 AM | error loadView general | view/css | response 400
25/04/18 02:00:18 AM | error loadView general | view | response 400
25/04/18 02:00:18 AM | error loadView general | view/css | response 400
25/04/18 02:00:19 AM | error loadView general | view/css | response 400
25/04/18 02:00:19 AM | error loadView general | module/profile | response 400
25/04/18 02:03:15 AM | error loadView general | view/css | response 400
25/04/18 02:03:15 AM | error loadView general | view | response 400
25/04/18 02:03:15 AM | error loadView general | view/css | response 400
25/04/18 02:03:16 AM | error loadView general | module/profile | response 400
25/04/18 02:03:16 AM | error loadView general | view/css | response 400
25/04/18 02:03:16 AM | error loadView general | view/css | response 400
25/04/18 02:03:26 AM | error loadView general | view/css | response 400
25/04/18 02:03:26 AM | error loadView general | view | response 400
25/04/18 02:03:26 AM | error loadView general | view/css | response 400
25/04/18 02:03:27 AM | error loadView general | module/profile | response 400
25/04/18 02:03:27 AM | error loadView general | view/css | response 400
25/04/18 02:03:27 AM | error loadView general | view/css | response 400
25/04/18 02:03:31 AM | error loadView general | view/css | response 400
25/04/18 02:03:32 AM | error loadView general | module/profile | response 400
25/04/18 02:04:01 AM | error loadView general | view/css | response 400
25/04/18 02:04:02 AM | error loadView general | view/css | response 400
25/04/18 02:04:21 AM | error loadView general | view/css | response 400
25/04/18 02:07:07 AM | error loadView general | view/css | response 400
25/04/18 02:07:17 AM | error loadView general | view/css | response 400
25/04/18 02:07:20 AM | error loadView general | view/css | response 400
25/04/18 02:07:20 AM | error loadView general | view/css | response 400
25/04/18 02:07:20 AM | error loadView general | view | response 400
25/04/18 02:07:21 AM | error loadView general | view/css | response 400
25/04/18 10:15:48 AM | error loadView general | view/css | response 400
25/04/18 10:15:49 AM | error loadView general | view/css | response 400
25/04/18 10:15:49 AM | error loadView general | view | response 400
25/04/18 10:15:49 AM | error loadView general | view/css | response 400
25/04/18 10:15:49 AM | error loadView general | view/css | response 400
25/04/18 10:19:07 AM | error loadView general | view/css | response 400
25/04/18 10:19:07 AM | error loadView general | view | response 400
25/04/18 10:19:07 AM | error loadView general | view/css | response 400
25/04/18 10:19:08 AM | error loadView general | view/css | response 400
25/04/18 10:19:08 AM | error loadView general | view/css | response 400
25/04/18 10:19:31 AM | error loadView general | view/css | response 400
25/04/18 10:19:43 AM | error loadView general | view/css | response 400
25/04/18 10:19:43 AM | error loadView general | view/css | response 400
25/04/18 10:19:43 AM | error loadView general | view | response 400
25/04/18 10:19:44 AM | error loadView general | view/css | response 400
25/04/18 10:28:58 AM | error loadView general | view/css | response 400
25/04/18 10:28:58 AM | error loadView general | view | response 400
25/04/18 10:28:58 AM | error loadView general | view/css | response 400
25/04/18 10:28:59 AM | error loadView general | view/css | response 400
25/04/18 10:28:59 AM | error loadView general | view/css | response 400
25/04/18 10:29:24 AM | error loadView general | view | response 400
25/04/18 10:29:24 AM | error loadView general | view/css | response 400
25/04/18 10:29:25 AM | error loadView general | view/css | response 400
25/04/18 10:29:25 AM | error loadView general | view/css | response 400
25/04/18 10:29:26 AM | error loadView general | view/css | response 400
25/04/18 10:30:21 AM | error loadView general | view/css | response 400
25/04/18 10:30:21 AM | error loadView general | view | response 400
25/04/18 10:30:21 AM | error loadView general | view/css | response 400
25/04/18 10:30:22 AM | error loadView general | view/css | response 400
25/04/18 10:30:22 AM | error loadView general | view/css | response 400
25/04/18 10:31:51 AM | error loadView general | view/css | response 400
25/04/18 10:31:51 AM | error loadView general | view/css | response 400
25/04/18 10:31:51 AM | error loadView general | view | response 400
25/04/18 10:31:52 AM | error loadView general | view/css | response 400
25/04/18 10:31:55 AM | error loadView general | view/css | response 400
25/04/18 10:31:55 AM | error loadView general | view | response 400
25/04/18 10:31:56 AM | error loadView general | view/css | response 400
25/04/18 10:31:56 AM | error loadView general | view/css | response 400
25/04/18 10:31:56 AM | error loadView general | view/css | response 400
25/04/18 10:34:26 AM | error loadView general | module/profile/view | response 400
25/04/18 10:34:27 AM | error loadView general | module/profile/view | response 400
25/04/18 10:34:27 AM | error loadView general | view/css | response 400
25/04/18 10:34:27 AM | error loadView general | view | response 400
25/04/18 10:34:27 AM | error loadView general | view/css | response 400
25/04/18 10:34:28 AM | error loadView general | view/css | response 400
25/04/18 10:34:28 AM | error loadView general | view/css | response 400
25/04/18 10:34:56 AM | error loadView general | module/profile/view | response 400
25/04/18 10:34:57 AM | error loadView general | view/css | response 400
25/04/18 10:34:57 AM | error loadView general | module/profile/view | response 400
25/04/18 10:34:57 AM | error loadView general | view | response 400
25/04/18 10:34:58 AM | error loadView general | view/css | response 400
25/04/18 10:34:58 AM | error loadView general | view/css | response 400
25/04/18 10:34:58 AM | error loadView general | view/css | response 400
25/04/18 10:36:00 AM | error loadView general | view/css | response 400
25/04/18 10:36:02 AM | error loadView general | view | response 400
25/04/18 10:36:02 AM | error loadView general | view/css | response 400
25/04/18 10:36:02 AM | error loadView general | view/css | response 400
25/04/18 10:36:03 AM | error loadView general | view/css | response 400
25/04/18 10:46:33 AM | error loadView general | view/css | response 400
25/04/18 10:46:33 AM | error loadView general | view/css | response 400
25/04/18 10:46:33 AM | error loadView general | view | response 400
25/04/18 10:46:34 AM | error loadView general | view/css | response 400
25/04/18 10:46:34 AM | error loadView general | view/css | response 400
25/04/18 10:50:27 AM | error loadView general | view/css | response 400
25/04/18 10:50:28 AM | error loadView general | view | response 400
25/04/18 10:50:28 AM | error loadView general | view/css | response 400
25/04/18 10:50:28 AM | error loadView general | view/css | response 400
25/04/18 10:50:29 AM | error loadView general | view/css | response 400
25/04/18 10:53:19 AM | error loadView general | view | response 400
25/04/18 10:53:19 AM | error loadView general | view/css | response 400
25/04/18 10:53:19 AM | error loadView general | view/css | response 400
25/04/18 10:53:19 AM | error loadView general | view/css | response 400
25/04/18 10:53:22 AM | error loadView general | view/css | response 400
25/04/18 10:58:32 AM | error loadView general | view/css | response 400
25/04/18 10:58:32 AM | error loadView general | view | response 400
25/04/18 10:58:32 AM | error loadView general | view/css | response 400
25/04/18 10:58:32 AM | error loadView general | view/css | response 400
25/04/18 10:58:33 AM | error loadView general | view/css | response 400
25/04/18 10:59:18 AM | error loadView general | view/css | response 400
25/04/18 10:59:18 AM | error loadView general | view/css | response 400
25/04/18 10:59:18 AM | error loadView general | view | response 400
25/04/18 10:59:18 AM | error loadView general | view/css | response 400
25/04/18 10:59:21 AM | error loadView general | view/css | response 400
25/04/18 10:59:56 AM | error loadView general | view/css | response 400
25/04/18 10:59:56 AM | error loadView general | view | response 400
25/04/18 10:59:57 AM | error loadView general | view/css | response 400
25/04/18 10:59:57 AM | error loadView general | view/css | response 400
25/04/18 11:00:00 AM | error loadView general | view/css | response 400
25/04/18 11:00:25 AM | error loadView general | view/css | response 400
25/04/18 11:00:25 AM | error loadView general | view/css | response 400
25/04/18 11:00:25 AM | error loadView general | view | response 400
25/04/18 11:00:26 AM | error loadView general | view/css | response 400
25/04/18 11:00:28 AM | error loadView general | view/css | response 400
25/04/18 11:01:11 AM | error loadView general | view/css | response 400
25/04/18 11:01:11 AM | error loadView general | view/css | response 400
25/04/18 11:01:11 AM | error loadView general | view | response 400
25/04/18 11:01:12 AM | error loadView general | view/css | response 400
25/04/18 11:01:13 AM | error loadView general | view/css | response 400
25/04/18 11:02:06 AM | error loadView general | view/css | response 400
25/04/18 11:02:06 AM | error loadView general | view/css | response 400
25/04/18 11:02:06 AM | error loadView general | view | response 400
25/04/18 11:02:06 AM | error loadView general | view/css | response 400
25/04/18 11:02:07 AM | error loadView general | view/css | response 400
25/04/18 11:02:27 AM | error loadView general | view/css | response 400
25/04/18 11:02:27 AM | error loadView general | view | response 400
25/04/18 11:02:27 AM | error loadView general | view/css | response 400
25/04/18 11:02:27 AM | error loadView general | view/css | response 400
25/04/18 11:02:28 AM | error loadView general | view/css | response 400
25/04/18 11:13:18 AM | error loadView general | view/css | response 400
25/04/18 11:13:18 AM | error loadView general | view | response 400
25/04/18 11:13:19 AM | error loadView general | view/css | response 400
25/04/18 11:13:19 AM | error loadView general | view/css | response 400
25/04/18 11:13:20 AM | error loadView general | view/css | response 400
25/04/18 11:15:38 AM | error loadView general | view/css | response 400
25/04/18 11:15:38 AM | error loadView general | view | response 400
25/04/18 11:15:38 AM | error loadView general | view/css | response 400
25/04/18 11:15:38 AM | error loadView general | view/css | response 400
25/04/18 11:15:39 AM | error loadView general | view/css | response 400
25/04/18 11:17:07 AM | error loadView general | view/css | response 400
25/04/18 11:17:07 AM | error loadView general | view | response 400
25/04/18 11:17:07 AM | error loadView general | view/css | response 400
25/04/18 11:17:08 AM | error loadView general | view/css | response 400
25/04/18 11:17:09 AM | error loadView general | view/css | response 400
25/04/18 11:17:34 AM | error loadView general | view/css | response 400
25/04/18 11:17:34 AM | error loadView general | view | response 400
25/04/18 11:17:34 AM | error loadView general | view/css | response 400
25/04/18 11:17:35 AM | error loadView general | view/css | response 400
25/04/18 11:17:36 AM | error loadView general | view/css | response 400
25/04/18 11:23:16 AM | error loadView general | view/css | response 400
25/04/18 11:23:16 AM | error loadView general | view | response 400
25/04/18 11:23:16 AM | error loadView general | view/css | response 400
25/04/18 11:23:17 AM | error loadView general | view/css | response 400
25/04/18 11:23:18 AM | error loadView general | view/css | response 400
25/04/18 11:23:27 AM | error loadView general | view/css | response 400
25/04/18 11:23:27 AM | error loadView general | view/css | response 400
25/04/18 11:23:27 AM | error loadView general | view | response 400
25/04/18 11:23:27 AM | error loadView general | view/css | response 400
25/04/18 11:23:33 AM | error loadView general | view/css | response 400
25/04/18 11:23:33 AM | error loadView general | view/css | response 400
25/04/18 11:23:33 AM | error loadView general | view | response 400
25/04/18 11:23:33 AM | error loadView general | view/css | response 400
25/04/18 11:23:34 AM | error loadView general | view/css | response 400
25/04/18 11:24:36 AM | error loadView general | view/css | response 400
25/04/18 11:24:36 AM | error loadView general | view | response 400
25/04/18 11:24:36 AM | error loadView general | view/css | response 400
25/04/18 11:24:36 AM | error loadView general | view/css | response 400
25/04/18 11:24:38 AM | error loadView general | view/css | response 400
25/04/18 11:25:14 AM | error loadView general | view/css | response 400
25/04/18 11:25:14 AM | error loadView general | view | response 400
25/04/18 11:25:14 AM | error loadView general | view/css | response 400
25/04/18 11:25:14 AM | error loadView general | view/css | response 400
25/04/18 11:25:16 AM | error loadView general | view/css | response 400
25/04/18 11:26:03 AM | error loadView general | view/css | response 400
25/04/18 11:26:03 AM | error loadView general | view | response 400
25/04/18 11:26:04 AM | error loadView general | view/css | response 400
25/04/18 11:26:04 AM | error loadView general | view/css | response 400
25/04/18 11:26:05 AM | error loadView general | view/css | response 400
25/04/18 11:26:31 AM | error loadView general | view/css | response 400
25/04/18 11:26:31 AM | error loadView general | view | response 400
25/04/18 11:26:31 AM | error loadView general | view/css | response 400
25/04/18 11:26:31 AM | error loadView general | view/css | response 400
25/04/18 11:26:32 AM | error loadView general | view/css | response 400
25/04/18 11:26:56 AM | error loadView general | view/css | response 400
25/04/18 11:26:56 AM | error loadView general | view/css | response 400
25/04/18 11:26:56 AM | error loadView general | view | response 400
25/04/18 11:26:57 AM | error loadView general | view/css | response 400
25/04/18 11:26:59 AM | error loadView general | view/css | response 400
25/04/18 11:27:50 AM | error loadView general | view/css | response 400
25/04/18 11:27:50 AM | error loadView general | view/css | response 400
25/04/18 11:27:50 AM | error loadView general | view | response 400
25/04/18 11:27:50 AM | error loadView general | view/css | response 400
25/04/18 11:27:51 AM | error loadView general | view/css | response 400
25/04/18 11:28:39 AM | error loadView general | view/css | response 400
25/04/18 11:28:39 AM | error loadView general | view/css | response 400
25/04/18 11:28:39 AM | error loadView general | view | response 400
25/04/18 11:28:39 AM | error loadView general | view/css | response 400
25/04/18 11:28:41 AM | error loadView general | view/css | response 400
25/04/18 11:29:03 AM | error loadView general | view | response 400
25/04/18 11:29:03 AM | error loadView general | view/css | response 400
25/04/18 11:29:03 AM | error loadView general | view/css | response 400
25/04/18 11:29:03 AM | error loadView general | view/css | response 400
25/04/18 11:29:05 AM | error loadView general | view/css | response 400
25/04/18 11:29:19 AM | error loadView general | view/css | response 400
25/04/18 11:29:19 AM | error loadView general | view/css | response 400
25/04/18 11:29:19 AM | error loadView general | view | response 400
25/04/18 11:29:20 AM | error loadView general | view/css | response 400
25/04/18 11:29:21 AM | error loadView general | view/css | response 400
25/04/18 11:29:55 AM | error loadView general | view/css | response 400
25/04/18 11:29:55 AM | error loadView general | view/css | response 400
25/04/18 11:29:55 AM | error loadView general | view | response 400
25/04/18 11:29:55 AM | error loadView general | view/css | response 400
25/04/18 11:29:56 AM | error loadView general | view/css | response 400
25/04/18 11:30:16 AM | error loadView general | view/css | response 400
25/04/18 11:30:16 AM | error loadView general | view | response 400
25/04/18 11:30:16 AM | error loadView general | view/css | response 400
25/04/18 11:30:16 AM | error loadView general | view/css | response 400
25/04/18 11:30:16 AM | error loadView general | view/css | response 400
25/04/18 11:30:41 AM | error loadView general | view/css | response 400
25/04/18 11:30:41 AM | error loadView general | view | response 400
25/04/18 11:30:41 AM | error loadView general | view/css | response 400
25/04/18 11:30:42 AM | error loadView general | view/css | response 400
25/04/18 11:30:43 AM | error loadView general | view/css | response 400
25/04/18 11:32:29 AM | error loadView general | view/css | response 400
25/04/18 11:32:29 AM | error loadView general | view | response 400
25/04/18 11:32:29 AM | error loadView general | view/css | response 400
25/04/18 11:32:30 AM | error loadView general | view/css | response 400
25/04/18 11:32:31 AM | error loadView general | view/css | response 400
25/04/18 11:33:44 AM | error loadView general | view/css | response 400
25/04/18 11:33:44 AM | error loadView general | view/css | response 400
25/04/18 11:33:44 AM | error loadView general | view | response 400
25/04/18 11:33:44 AM | error loadView general | view/css | response 400
25/04/18 11:33:46 AM | error loadView general | view/css | response 400
25/04/18 11:50:25 AM | error loadView general | view | response 400
25/04/18 11:50:25 AM | error loadView general | view/css | response 400
25/04/18 11:50:25 AM | error loadView general | view/css | response 400
25/04/18 11:50:26 AM | error loadView general | view/css | response 400
25/04/18 11:50:27 AM | error loadView general | view/css | response 400
25/04/18 11:53:02 AM | error loadView general | view/css | response 400
25/04/18 11:53:02 AM | error loadView general | view | response 400
25/04/18 11:53:02 AM | error loadView general | view/css | response 400
25/04/18 11:53:03 AM | error loadView general | view/css | response 400
25/04/18 11:53:04 AM | error loadView general | view/css | response 400
25/04/18 11:53:44 AM | error loadView general | view/css | response 400
25/04/18 11:53:44 AM | error loadView general | view | response 400
25/04/18 11:53:44 AM | error loadView general | view/css | response 400
25/04/18 11:53:45 AM | error loadView general | view/css | response 400
25/04/18 11:53:46 AM | error loadView general | view/css | response 400
25/04/18 11:54:42 AM | error loadView general | view | response 400
25/04/18 11:54:42 AM | error loadView general | view/css | response 400
25/04/18 11:54:43 AM | error loadView general | view/css | response 400
25/04/18 11:54:44 AM | error loadView general | view/css | response 400
25/04/18 12:04:04 PM | error loadView general | view/css | response 400
25/04/18 12:04:05 PM | error loadView general | media | response 400
25/04/18 12:04:25 PM | error loadView general | view/css | response 400
25/04/18 12:04:25 PM | error loadView general | view | response 400
25/04/18 12:04:25 PM | error loadView general | view/css | response 400
25/04/18 12:04:26 PM | error loadView general | view/css | response 400
25/04/18 12:16:45 PM | error loadView general | view | response 400
25/04/18 12:16:45 PM | error loadView general | view/css | response 400
25/04/18 12:16:45 PM | error loadView general | view/css | response 400
25/04/18 12:16:46 PM | error loadView general | view/css | response 400
25/04/18 12:18:58 PM | error loadView general | view/css | response 400
25/04/18 12:18:59 PM | error loadView general | view/css | response 400
25/04/18 12:18:59 PM | error loadView general | view | response 400
25/04/18 12:19:00 PM | error loadView general | view/css | response 400
25/04/18 12:19:27 PM | error loadView general | view | response 400
25/04/18 12:19:27 PM | error loadView general | view/css | response 400
25/04/18 12:19:27 PM | error loadView general | view/css | response 400
25/04/18 12:19:28 PM | error loadView general | view/css | response 400
25/04/18 12:20:19 PM | error loadView general | view/css | response 400
25/04/18 12:20:19 PM | error loadView general | view | response 400
25/04/18 12:20:20 PM | error loadView general | view/css | response 400
25/04/18 12:20:20 PM | error loadView general | view/css | response 400
25/04/18 12:21:46 PM | error loadView general | view/css | response 400
25/04/18 12:21:46 PM | error loadView general | view | response 400
25/04/18 12:21:46 PM | error loadView general | view/css | response 400
25/04/18 12:21:47 PM | error loadView general | view/css | response 400
25/04/18 12:28:31 PM | error loadView general | view/css | response 400
25/04/18 12:28:31 PM | error loadView general | view/css | response 400
25/04/18 12:28:31 PM | error loadView general | view | response 400
25/04/18 12:28:32 PM | error loadView general | view/css | response 400
25/04/18 12:29:14 PM | error loadView general | view/css | response 400
25/04/18 12:29:14 PM | error loadView general | view/css | response 400
25/04/18 12:29:14 PM | error loadView general | view | response 400
25/04/18 12:29:15 PM | error loadView general | view/css | response 400
25/04/18 12:29:32 PM | error loadView general | view/css | response 400
25/04/18 12:29:32 PM | error loadView general | view/css | response 400
25/04/18 12:29:32 PM | error loadView general | view | response 400
25/04/18 12:29:33 PM | error loadView general | view/css | response 400
25/04/18 12:32:15 PM | error loadView general | view/css | response 400
25/04/18 12:32:15 PM | error loadView general | view/css | response 400
25/04/18 12:32:15 PM | error loadView general | view | response 400
25/04/18 12:32:16 PM | error loadView general | view/css | response 400
25/04/18 12:33:10 PM | error loadView general | view | response 400
25/04/18 12:33:10 PM | error loadView general | view/css | response 400
25/04/18 12:33:10 PM | error loadView general | view/css | response 400
25/04/18 12:33:11 PM | error loadView general | view/css | response 400
25/04/18 12:33:33 PM | error loadView general | view/css | response 400
25/04/18 12:33:33 PM | error loadView general | view/css | response 400
25/04/18 12:33:33 PM | error loadView general | view | response 400
25/04/18 12:33:34 PM | error loadView general | view/css | response 400
25/04/18 12:33:56 PM | error loadView general | view/css | response 400
25/04/18 12:33:56 PM | error loadView general | view | response 400
25/04/18 12:33:57 PM | error loadView general | view/css | response 400
25/04/18 12:33:57 PM | error loadView general | view/css | response 400
25/04/18 12:34:49 PM | error loadView general | view/css | response 400
25/04/18 12:34:49 PM | error loadView general | view | response 400
25/04/18 12:34:50 PM | error loadView general | view/css | response 400
25/04/18 12:34:51 PM | error loadView general | view/css | response 400
25/04/18 12:37:13 PM | error loadView general | view | response 400
25/04/18 12:37:13 PM | error loadView general | view/css | response 400
25/04/18 12:37:14 PM | error loadView general | view/css | response 400
25/04/18 12:37:15 PM | error loadView general | view/css | response 400
25/04/18 12:37:31 PM | error loadView general | view/css | response 400
25/04/18 12:37:31 PM | error loadView general | view | response 400
25/04/18 12:37:31 PM | error loadView general | view/css | response 400
25/04/18 12:37:32 PM | error loadView general | view/css | response 400
25/04/18 12:38:18 PM | error loadView general | view/css | response 400
25/04/18 12:38:18 PM | error loadView general | view/css | response 400
25/04/18 12:38:18 PM | error loadView general | view | response 400
25/04/18 12:38:19 PM | error loadView general | view/css | response 400
25/04/18 12:46:00 PM | error loadView general | view/css | response 400
25/04/18 12:46:00 PM | error loadView general | view | response 400
25/04/18 12:46:00 PM | error loadView general | view/css | response 400
25/04/18 12:46:01 PM | error loadView general | view/css | response 400
25/04/18 12:47:14 PM | error loadView general | view/css | response 400
25/04/18 12:47:14 PM | error loadView general | view | response 400
25/04/18 12:47:14 PM | error loadView general | view/css | response 400
25/04/18 12:47:15 PM | error loadView general | view/css | response 400
25/04/18 12:47:54 PM | error loadView general | view/css | response 400
25/04/18 12:47:54 PM | error loadView general | view | response 400
25/04/18 12:47:54 PM | error loadView general | view/css | response 400
25/04/18 12:47:55 PM | error loadView general | view/css | response 400
25/04/18 12:50:13 PM | error loadView general | view/css | response 400
25/04/18 12:50:13 PM | error loadView general | view | response 400
25/04/18 12:50:13 PM | error loadView general | view/css | response 400
25/04/18 12:50:14 PM | error loadView general | view/css | response 400
25/04/18 12:51:06 PM | error loadView general | view/css | response 400
25/04/18 12:51:07 PM | error loadView general | view | response 400
25/04/18 12:51:07 PM | error loadView general | view/css | response 400
25/04/18 12:51:08 PM | error loadView general | view/css | response 400
25/04/18 12:51:08 PM | error loadView general | view/css | response 400
25/04/18 12:51:42 PM | error loadView general | view/css | response 400
25/04/18 12:51:42 PM | error loadView general | view/css | response 400
25/04/18 12:51:42 PM | error loadView general | view | response 400
25/04/18 12:51:43 PM | error loadView general | view/css | response 400
25/04/18 12:52:22 PM | error loadView general | view/css | response 400
25/04/18 12:52:22 PM | error loadView general | view | response 400
25/04/18 12:52:22 PM | error loadView general | view/css | response 400
25/04/18 12:52:23 PM | error loadView general | view/css | response 400
25/04/18 13:01:20 PM | error loadView general | view/css | response 400
25/04/18 13:01:20 PM | error loadView general | view | response 400
25/04/18 13:01:20 PM | error loadView general | view/css | response 400
25/04/18 13:01:21 PM | error loadView general | view/css | response 400
25/04/18 13:01:58 PM | error loadView general | view/css | response 400
25/04/18 13:01:58 PM | error loadView general | view | response 400
25/04/18 13:01:58 PM | error loadView general | view/css | response 400
25/04/18 13:01:59 PM | error loadView general | view/css | response 400
25/04/18 13:03:01 PM | error loadView general | view | response 400
25/04/18 13:03:01 PM | error loadView general | view/css | response 400
25/04/18 13:03:02 PM | error loadView general | view/css | response 400
25/04/18 13:03:02 PM | error loadView general | view/css | response 400
25/04/18 13:03:25 PM | error loadView general | view/css | response 400
25/04/18 13:03:25 PM | error loadView general | view | response 400
25/04/18 13:03:25 PM | error loadView general | view/css | response 400
25/04/18 13:03:26 PM | error loadView general | view/css | response 400
25/04/18 13:14:45 PM | error loadView general | view/css | response 400
25/04/18 13:14:45 PM | error loadView general | view/css | response 400
25/04/18 13:14:45 PM | error loadView general | view | response 400
25/04/18 13:14:46 PM | error loadView general | view/css | response 400
25/04/18 13:15:39 PM | error loadView general | view/css | response 400
25/04/18 13:15:39 PM | error loadView general | view | response 400
25/04/18 13:15:39 PM | error loadView general | view/css | response 400
25/04/18 13:15:40 PM | error loadView general | view/css | response 400
25/04/18 13:16:22 PM | error loadView general | view/css | response 400
25/04/18 13:16:22 PM | error loadView general | view/css | response 400
25/04/18 13:16:22 PM | error loadView general | view | response 400
25/04/18 13:16:23 PM | error loadView general | view/css | response 400
25/04/18 13:16:26 PM | error loadView general | courses/details | response 400
25/04/18 13:16:26 PM | error loadView general | courses/details | response 400
25/04/18 13:16:26 PM | error loadView general | view/css | response 400
25/04/18 13:16:26 PM | error loadView general | courses/details | response 400
25/04/18 13:16:26 PM | error loadView general | courses/details | response 400
25/04/18 13:16:27 PM | error loadView general | courses/details | response 400
25/04/18 13:16:27 PM | error loadView general | view/css | response 400
25/04/18 13:16:27 PM | error loadView general | courses/details | response 400
25/04/18 13:16:30 PM | error loadView general | view/css | response 400
25/04/18 13:16:30 PM | error loadView general | view/css | response 400
25/04/18 13:16:30 PM | error loadView general | view | response 400
25/04/18 13:16:30 PM | error loadView general | view/css | response 400
25/04/18 13:16:37 PM | error loadView general | view/css | response 400
25/04/18 13:16:38 PM | error loadView general | media | response 400
25/04/18 13:16:46 PM | error loadView general | view/css | response 400
25/04/18 13:16:46 PM | error loadView general | view | response 400
25/04/18 13:16:47 PM | error loadView general | view/css | response 400
25/04/18 13:16:47 PM | error loadView general | view/css | response 400
25/04/18 13:16:55 PM | error loadView general | view/css | response 400
25/04/18 13:17:01 PM | error loadView general | view/css | response 400
25/04/18 13:17:01 PM | error loadView general | view/css | response 400
25/04/18 13:17:01 PM | error loadView general | view | response 400
25/04/18 13:17:01 PM | error loadView general | view/css | response 400
25/04/18 13:17:08 PM | error loadView general | view/css | response 400
25/04/18 13:17:12 PM | error loadView general | view/css | response 400
25/04/18 13:17:12 PM | error loadView general | view | response 400
25/04/18 13:17:13 PM | error loadView general | view/css | response 400
25/04/18 13:17:13 PM | error loadView general | view/css | response 400
25/04/18 13:17:20 PM | error loadView general | view | response 400
25/04/18 13:17:20 PM | error loadView general | view/css | response 400
25/04/18 13:17:20 PM | error loadView general | view/css | response 400
25/04/18 13:17:21 PM | error loadView general | view/css | response 400
25/04/18 13:26:19 PM | error loadView general | view/css | response 400
25/04/18 13:26:19 PM | error loadView general | view | response 400
25/04/18 13:26:19 PM | error loadView general | view/css | response 400
25/04/18 13:26:20 PM | error loadView general | view/css | response 400
25/04/18 13:26:26 PM | error loadView general | view/css | response 400
25/04/18 13:26:30 PM | error loadView general | view/css | response 400
25/04/18 13:26:30 PM | error loadView general | view/css | response 400
25/04/18 13:26:30 PM | error loadView general | view | response 400
25/04/18 13:26:31 PM | error loadView general | view/css | response 400
25/04/18 13:27:28 PM | error loadView general | view/css | response 400
25/04/18 13:27:29 PM | error loadView general | view | response 400
25/04/18 13:27:29 PM | error loadView general | view/css | response 400
25/04/18 13:27:29 PM | error loadView general | view/css | response 400
25/04/18 13:27:40 PM | error loadView general | view/css | response 400
25/04/18 13:27:48 PM | error loadView general | view/css | response 400
25/04/18 13:27:48 PM | error loadView general | view | response 400
25/04/18 13:27:48 PM | error loadView general | view/css | response 400
25/04/18 13:27:49 PM | error loadView general | view/css | response 400
25/04/18 13:27:54 PM | error loadView general | view/css | response 400
25/04/18 13:28:08 PM | error loadView general | view/css | response 400
25/04/18 13:28:09 PM | error loadView general | view | response 400
25/04/18 13:28:09 PM | error loadView general | view/css | response 400
25/04/18 13:28:10 PM | error loadView general | view/css | response 400
25/04/18 13:34:24 PM | error loadView general | view/css | response 400
25/04/18 13:34:24 PM | error loadView general | view | response 400
25/04/18 13:34:24 PM | error loadView general | view/css | response 400
25/04/18 13:34:25 PM | error loadView general | view/css | response 400
25/04/18 13:36:47 PM | error loadView general | view/css | response 400
25/04/18 13:36:47 PM | error loadView general | view | response 400
25/04/18 13:36:47 PM | error loadView general | view/css | response 400
25/04/18 13:36:48 PM | error loadView general | view/css | response 400
25/04/18 13:37:17 PM | error loadView general | view/css | response 400
25/04/18 13:37:18 PM | error loadView general | media | response 400
25/04/18 13:37:30 PM | error loadView general | view/css | response 400
25/04/18 13:38:44 PM | error loadView general | view/css | response 400
25/04/18 13:39:09 PM | error loadView general | view/css | response 400
25/04/18 13:39:36 PM | error loadView general | view/css | response 400
25/04/18 13:39:37 PM | error loadView general | view/css | response 400
25/04/18 13:39:37 PM | error loadView general | view | response 400
25/04/18 13:39:38 PM | error loadView general | view/css | response 400
25/04/18 13:40:21 PM | error loadView general | view/css | response 400
25/04/18 13:40:21 PM | error loadView general | view | response 400
25/04/18 13:40:21 PM | error loadView general | view/css | response 400
25/04/18 13:40:22 PM | error loadView general | view/css | response 400
